
 Performance counter stats for './mandelbrot_pth 0.175 0.375 -0.1 0.1 1 16' (10 runs):

          0.735438      task-clock (msec)         #    0.689 CPUs utilized            ( +-  0.81% )
                 1      context-switches          #    0.001 M/sec                  
                 1      cpu-migrations            #    0.001 M/sec                  
                56      page-faults               #    0.077 M/sec                    ( +-  0.65% )
   <not supported>      cycles                   
   <not supported>      stalled-cycles-frontend  
   <not supported>      stalled-cycles-backend   
   <not supported>      instructions             
   <not supported>      branches                 
   <not supported>      branch-misses            

       0.001066749 seconds time elapsed                                          ( +-  1.42% )


 Performance counter stats for './mandelbrot_pth 0.175 0.375 -0.1 0.1 1 32' (10 runs):

          1.785395      task-clock (msec)         #    0.843 CPUs utilized            ( +-  0.55% )
                 1      context-switches          #    0.560 K/sec                  
                 1      cpu-migrations            #    0.560 K/sec                  
                57      page-faults               #    0.032 M/sec                    ( +-  0.70% )
   <not supported>      cycles                   
   <not supported>      stalled-cycles-frontend  
   <not supported>      stalled-cycles-backend   
   <not supported>      instructions             
   <not supported>      branches                 
   <not supported>      branch-misses            

       0.002116875 seconds time elapsed                                          ( +-  0.52% )


 Performance counter stats for './mandelbrot_pth 0.175 0.375 -0.1 0.1 1 64' (10 runs):

          5.882473      task-clock (msec)         #    0.942 CPUs utilized            ( +-  0.22% )
                 1      context-switches          #    0.170 K/sec                  
                 1      cpu-migrations            #    0.170 K/sec                  
                57      page-faults               #    0.010 M/sec                    ( +-  0.68% )
   <not supported>      cycles                   
   <not supported>      stalled-cycles-frontend  
   <not supported>      stalled-cycles-backend   
   <not supported>      instructions             
   <not supported>      branches                 
   <not supported>      branch-misses            

       0.006243690 seconds time elapsed                                          ( +-  0.33% )


 Performance counter stats for './mandelbrot_pth 0.175 0.375 -0.1 0.1 1 128' (10 runs):

         22.114157      task-clock (msec)         #    0.982 CPUs utilized            ( +-  0.06% )
                 1      context-switches          #    0.050 K/sec                    ( +-  9.09% )
                 1      cpu-migrations            #    0.045 K/sec                  
                57      page-faults               #    0.003 M/sec                    ( +-  0.51% )
   <not supported>      cycles                   
   <not supported>      stalled-cycles-frontend  
   <not supported>      stalled-cycles-backend   
   <not supported>      instructions             
   <not supported>      branches                 
   <not supported>      branch-misses            

       0.022530358 seconds time elapsed                                          ( +-  0.06% )


 Performance counter stats for './mandelbrot_pth 0.175 0.375 -0.1 0.1 1 256' (10 runs):

         86.780402      task-clock (msec)         #    0.995 CPUs utilized            ( +-  0.08% )
                 1      context-switches          #    0.016 K/sec                    ( +- 11.66% )
                 1      cpu-migrations            #    0.012 K/sec                  
                57      page-faults               #    0.660 K/sec                    ( +-  0.69% )
   <not supported>      cycles                   
   <not supported>      stalled-cycles-frontend  
   <not supported>      stalled-cycles-backend   
   <not supported>      instructions             
   <not supported>      branches                 
   <not supported>      branch-misses            

       0.087203995 seconds time elapsed                                          ( +-  0.08% )


 Performance counter stats for './mandelbrot_pth 0.175 0.375 -0.1 0.1 1 512' (10 runs):

        344.096500      task-clock (msec)         #    0.999 CPUs utilized            ( +-  0.07% )
                 2      context-switches          #    0.007 K/sec                    ( +- 15.47% )
                 1      cpu-migrations            #    0.003 K/sec                  
                57      page-faults               #    0.165 K/sec                    ( +-  0.73% )
   <not supported>      cycles                   
   <not supported>      stalled-cycles-frontend  
   <not supported>      stalled-cycles-backend   
   <not supported>      instructions             
   <not supported>      branches                 
   <not supported>      branch-misses            

       0.344529269 seconds time elapsed                                          ( +-  0.07% )


 Performance counter stats for './mandelbrot_pth 0.175 0.375 -0.1 0.1 1 1024' (10 runs):

       1372.070678      task-clock (msec)         #    1.000 CPUs utilized            ( +-  0.01% )
                 6      context-switches          #    0.004 K/sec                    ( +-  4.69% )
                 1      cpu-migrations            #    0.001 K/sec                  
                57      page-faults               #    0.041 K/sec                    ( +-  0.60% )
   <not supported>      cycles                   
   <not supported>      stalled-cycles-frontend  
   <not supported>      stalled-cycles-backend   
   <not supported>      instructions             
   <not supported>      branches                 
   <not supported>      branch-misses            

       1.372558997 seconds time elapsed                                          ( +-  0.01% )


 Performance counter stats for './mandelbrot_pth 0.175 0.375 -0.1 0.1 1 2048' (10 runs):

       5482.597669      task-clock (msec)         #    1.000 CPUs utilized            ( +-  0.02% )
                17      context-switches          #    0.003 K/sec                    ( +-  1.16% )
                 1      cpu-migrations            #    0.000 K/sec                  
                57      page-faults               #    0.010 K/sec                    ( +-  0.41% )
   <not supported>      cycles                   
   <not supported>      stalled-cycles-frontend  
   <not supported>      stalled-cycles-backend   
   <not supported>      instructions             
   <not supported>      branches                 
   <not supported>      branch-misses            

       5.483211786 seconds time elapsed                                          ( +-  0.02% )


 Performance counter stats for './mandelbrot_pth 0.175 0.375 -0.1 0.1 1 4096' (10 runs):

      22002.363191      task-clock (msec)         #    1.000 CPUs utilized            ( +-  0.09% )
                62      context-switches          #    0.003 K/sec                    ( +-  0.47% )
                 1      cpu-migrations            #    0.000 K/sec                  
                56      page-faults               #    0.003 K/sec                    ( +-  0.48% )
   <not supported>      cycles                   
   <not supported>      stalled-cycles-frontend  
   <not supported>      stalled-cycles-backend   
   <not supported>      instructions             
   <not supported>      branches                 
   <not supported>      branch-misses            

      22.003555330 seconds time elapsed                                          ( +-  0.09% )


 Performance counter stats for './mandelbrot_pth 0.175 0.375 -0.1 0.1 1 8192' (10 runs):

      88121.096944      task-clock (msec)         #    1.000 CPUs utilized            ( +-  0.12% )
               244      context-switches          #    0.003 K/sec                    ( +-  0.14% )
                 1      cpu-migrations            #    0.000 K/sec                  
                57      page-faults               #    0.001 K/sec                    ( +-  0.54% )
   <not supported>      cycles                   
   <not supported>      stalled-cycles-frontend  
   <not supported>      stalled-cycles-backend   
   <not supported>      instructions             
   <not supported>      branches                 
   <not supported>      branch-misses            

      88.124570206 seconds time elapsed                                          ( +-  0.12% )

