
 Performance counter stats for './mandelbrot_pth 0.175 0.375 -0.1 0.1 16 16' (10 runs):

          1.328082      task-clock (msec)         #    1.194 CPUs utilized            ( +-  1.98% )
                16      context-switches          #    0.012 M/sec                    ( +- 10.32% )
                16      cpu-migrations            #    0.012 M/sec                    ( +-  0.82% )
                87      page-faults               #    0.066 M/sec                    ( +-  0.43% )
   <not supported>      cycles                   
   <not supported>      stalled-cycles-frontend  
   <not supported>      stalled-cycles-backend   
   <not supported>      instructions             
   <not supported>      branches                 
   <not supported>      branch-misses            

       0.001111863 seconds time elapsed                                          ( +-  2.96% )


 Performance counter stats for './mandelbrot_pth 0.175 0.375 -0.1 0.1 16 32' (10 runs):

          2.685902      task-clock (msec)         #    2.112 CPUs utilized            ( +-  0.89% )
                25      context-switches          #    0.009 M/sec                    ( +-  8.00% )
                18      cpu-migrations            #    0.007 M/sec                    ( +-  3.05% )
                88      page-faults               #    0.033 M/sec                    ( +-  0.49% )
   <not supported>      cycles                   
   <not supported>      stalled-cycles-frontend  
   <not supported>      stalled-cycles-backend   
   <not supported>      instructions             
   <not supported>      branches                 
   <not supported>      branch-misses            

       0.001271488 seconds time elapsed                                          ( +-  3.09% )


 Performance counter stats for './mandelbrot_pth 0.175 0.375 -0.1 0.1 16 64' (10 runs):

          7.666810      task-clock (msec)         #    3.835 CPUs utilized            ( +-  0.28% )
                12      context-switches          #    0.002 M/sec                    ( +-  7.40% )
                15      cpu-migrations            #    0.002 M/sec                    ( +-  0.90% )
                88      page-faults               #    0.011 M/sec                    ( +-  0.38% )
   <not supported>      cycles                   
   <not supported>      stalled-cycles-frontend  
   <not supported>      stalled-cycles-backend   
   <not supported>      instructions             
   <not supported>      branches                 
   <not supported>      branch-misses            

       0.001999231 seconds time elapsed                                          ( +-  1.34% )


 Performance counter stats for './mandelbrot_pth 0.175 0.375 -0.1 0.1 16 128' (10 runs):

         27.821824      task-clock (msec)         #    4.867 CPUs utilized            ( +-  0.76% )
                10      context-switches          #    0.352 K/sec                    ( +-  4.76% )
                14      cpu-migrations            #    0.510 K/sec                    ( +-  0.94% )
                87      page-faults               #    0.003 M/sec                    ( +-  0.39% )
   <not supported>      cycles                   
   <not supported>      stalled-cycles-frontend  
   <not supported>      stalled-cycles-backend   
   <not supported>      instructions             
   <not supported>      branches                 
   <not supported>      branch-misses            

       0.005716214 seconds time elapsed                                          ( +-  2.24% )


 Performance counter stats for './mandelbrot_pth 0.175 0.375 -0.1 0.1 16 256' (10 runs):

        110.221926      task-clock (msec)         #    5.850 CPUs utilized            ( +-  0.38% )
                12      context-switches          #    0.105 K/sec                    ( +-  3.68% )
                15      cpu-migrations            #    0.132 K/sec                    ( +-  1.83% )
                88      page-faults               #    0.797 K/sec                    ( +-  0.32% )
   <not supported>      cycles                   
   <not supported>      stalled-cycles-frontend  
   <not supported>      stalled-cycles-backend   
   <not supported>      instructions             
   <not supported>      branches                 
   <not supported>      branch-misses            

       0.018842153 seconds time elapsed                                          ( +-  1.60% )


 Performance counter stats for './mandelbrot_pth 0.175 0.375 -0.1 0.1 16 512' (10 runs):

        441.661477      task-clock (msec)         #    6.225 CPUs utilized            ( +-  0.18% )
                38      context-switches          #    0.085 K/sec                    ( +-  1.99% )
                15      cpu-migrations            #    0.035 K/sec                    ( +-  2.40% )
                88      page-faults               #    0.199 K/sec                    ( +-  0.40% )
   <not supported>      cycles                   
   <not supported>      stalled-cycles-frontend  
   <not supported>      stalled-cycles-backend   
   <not supported>      instructions             
   <not supported>      branches                 
   <not supported>      branch-misses            

       0.070951958 seconds time elapsed                                          ( +-  0.94% )


 Performance counter stats for './mandelbrot_pth 0.175 0.375 -0.1 0.1 16 1024' (10 runs):

       1862.389435      task-clock (msec)         #    6.682 CPUs utilized            ( +-  1.72% )
               131      context-switches          #    0.070 K/sec                    ( +-  0.95% )
                18      cpu-migrations            #    0.010 K/sec                    ( +-  3.64% )
                88      page-faults               #    0.047 K/sec                    ( +-  0.30% )
   <not supported>      cycles                   
   <not supported>      stalled-cycles-frontend  
   <not supported>      stalled-cycles-backend   
   <not supported>      instructions             
   <not supported>      branches                 
   <not supported>      branch-misses            

       0.278727136 seconds time elapsed                                          ( +-  2.15% )


 Performance counter stats for './mandelbrot_pth 0.175 0.375 -0.1 0.1 16 2048' (10 runs):

       7419.038545      task-clock (msec)         #    6.812 CPUs utilized            ( +-  1.47% )
               455      context-switches          #    0.061 K/sec                    ( +-  0.94% )
                31      cpu-migrations            #    0.004 K/sec                    ( +-  4.43% )
                88      page-faults               #    0.012 K/sec                    ( +-  0.31% )
   <not supported>      cycles                   
   <not supported>      stalled-cycles-frontend  
   <not supported>      stalled-cycles-backend   
   <not supported>      instructions             
   <not supported>      branches                 
   <not supported>      branch-misses            

       1.089045518 seconds time elapsed                                          ( +-  1.85% )


 Performance counter stats for './mandelbrot_pth 0.175 0.375 -0.1 0.1 16 4096' (10 runs):

      29159.965739      task-clock (msec)         #    7.098 CPUs utilized            ( +-  1.31% )
             1,687      context-switches          #    0.058 K/sec                    ( +-  0.96% )
                86      cpu-migrations            #    0.003 K/sec                    ( +-  4.01% )
                87      page-faults               #    0.003 K/sec                    ( +-  0.38% )
   <not supported>      cycles                   
   <not supported>      stalled-cycles-frontend  
   <not supported>      stalled-cycles-backend   
   <not supported>      instructions             
   <not supported>      branches                 
   <not supported>      branch-misses            

       4.107991819 seconds time elapsed                                          ( +-  1.62% )


 Performance counter stats for './mandelbrot_pth 0.175 0.375 -0.1 0.1 16 8192' (10 runs):

     116066.112481      task-clock (msec)         #    7.159 CPUs utilized            ( +-  0.80% )
             6,593      context-switches          #    0.057 K/sec                    ( +-  0.44% )
               282      cpu-migrations            #    0.002 K/sec                    ( +-  3.37% )
                88      page-faults               #    0.001 K/sec                    ( +-  0.29% )
   <not supported>      cycles                   
   <not supported>      stalled-cycles-frontend  
   <not supported>      stalled-cycles-backend   
   <not supported>      instructions             
   <not supported>      branches                 
   <not supported>      branch-misses            

      16.212638925 seconds time elapsed                                          ( +-  0.86% )

