
 Performance counter stats for './mandelbrot_pth 0.175 0.375 -0.1 0.1 8 16' (10 runs):

          1.126803      task-clock (msec)         #    1.170 CPUs utilized            ( +-  1.75% )
                 7      context-switches          #    0.007 M/sec                    ( +- 20.27% )
                 8      cpu-migrations            #    0.007 M/sec                    ( +-  1.27% )
                71      page-faults               #    0.063 M/sec                    ( +-  0.48% )
   <not supported>      cycles                   
   <not supported>      stalled-cycles-frontend  
   <not supported>      stalled-cycles-backend   
   <not supported>      instructions             
   <not supported>      branches                 
   <not supported>      branch-misses            

       0.000963207 seconds time elapsed                                          ( +-  2.62% )


 Performance counter stats for './mandelbrot_pth 0.175 0.375 -0.1 0.1 8 32' (10 runs):

          2.562895      task-clock (msec)         #    1.675 CPUs utilized            ( +-  6.98% )
                 5      context-switches          #    0.002 M/sec                    ( +- 11.46% )
                 8      cpu-migrations            #    0.003 M/sec                    ( +-  2.15% )
                71      page-faults               #    0.028 M/sec                    ( +-  0.49% )
   <not supported>      cycles                   
   <not supported>      stalled-cycles-frontend  
   <not supported>      stalled-cycles-backend   
   <not supported>      instructions             
   <not supported>      branches                 
   <not supported>      branch-misses            

       0.001530078 seconds time elapsed                                          ( +- 12.23% )


 Performance counter stats for './mandelbrot_pth 0.175 0.375 -0.1 0.1 8 64' (10 runs):

          6.808038      task-clock (msec)         #    2.707 CPUs utilized            ( +-  1.81% )
                 4      context-switches          #    0.646 K/sec                    ( +- 11.34% )
                 8      cpu-migrations            #    0.001 M/sec                    ( +-  3.23% )
                70      page-faults               #    0.010 M/sec                    ( +-  0.60% )
   <not supported>      cycles                   
   <not supported>      stalled-cycles-frontend  
   <not supported>      stalled-cycles-backend   
   <not supported>      instructions             
   <not supported>      branches                 
   <not supported>      branch-misses            

       0.002515391 seconds time elapsed                                          ( +-  3.31% )


 Performance counter stats for './mandelbrot_pth 0.175 0.375 -0.1 0.1 8 128' (10 runs):

         23.969359      task-clock (msec)         #    3.941 CPUs utilized            ( +-  1.02% )
                 4      context-switches          #    0.154 K/sec                    ( +-  4.13% )
                 7      cpu-migrations            #    0.309 K/sec                    ( +-  2.21% )
                71      page-faults               #    0.003 M/sec                    ( +-  0.39% )
   <not supported>      cycles                   
   <not supported>      stalled-cycles-frontend  
   <not supported>      stalled-cycles-backend   
   <not supported>      instructions             
   <not supported>      branches                 
   <not supported>      branch-misses            

       0.006082340 seconds time elapsed                                          ( +-  3.71% )


 Performance counter stats for './mandelbrot_pth 0.175 0.375 -0.1 0.1 8 256' (10 runs):

         93.833232      task-clock (msec)         #    4.961 CPUs utilized            ( +-  0.77% )
                 7      context-switches          #    0.078 K/sec                    ( +-  3.57% )
                 8      cpu-migrations            #    0.082 K/sec                    ( +-  2.77% )
                71      page-faults               #    0.758 K/sec                    ( +-  0.44% )
   <not supported>      cycles                   
   <not supported>      stalled-cycles-frontend  
   <not supported>      stalled-cycles-backend   
   <not supported>      instructions             
   <not supported>      branches                 
   <not supported>      branch-misses            

       0.018914260 seconds time elapsed                                          ( +-  2.02% )


 Performance counter stats for './mandelbrot_pth 0.175 0.375 -0.1 0.1 8 512' (10 runs):

        435.739731      task-clock (msec)         #    5.414 CPUs utilized            ( +-  1.00% )
                21      context-switches          #    0.048 K/sec                    ( +-  5.17% )
                 8      cpu-migrations            #    0.019 K/sec                    ( +-  3.64% )
                70      page-faults               #    0.162 K/sec                    ( +-  0.38% )
   <not supported>      cycles                   
   <not supported>      stalled-cycles-frontend  
   <not supported>      stalled-cycles-backend   
   <not supported>      instructions             
   <not supported>      branches                 
   <not supported>      branch-misses            

       0.080489330 seconds time elapsed                                          ( +-  1.79% )


 Performance counter stats for './mandelbrot_pth 0.175 0.375 -0.1 0.1 8 1024' (10 runs):

       1812.195793      task-clock (msec)         #    5.566 CPUs utilized            ( +-  1.80% )
                42      context-switches          #    0.023 K/sec                    ( +-  4.97% )
                 8      cpu-migrations            #    0.005 K/sec                    ( +-  3.04% )
                71      page-faults               #    0.039 K/sec                    ( +-  0.39% )
   <not supported>      cycles                   
   <not supported>      stalled-cycles-frontend  
   <not supported>      stalled-cycles-backend   
   <not supported>      instructions             
   <not supported>      branches                 
   <not supported>      branch-misses            

       0.325574837 seconds time elapsed                                          ( +-  2.40% )


 Performance counter stats for './mandelbrot_pth 0.175 0.375 -0.1 0.1 8 2048' (10 runs):

       7390.488399      task-clock (msec)         #    5.710 CPUs utilized            ( +-  2.40% )
                92      context-switches          #    0.013 K/sec                    ( +-  3.48% )
                17      cpu-migrations            #    0.002 K/sec                    ( +-  7.77% )
                71      page-faults               #    0.010 K/sec                    ( +-  0.47% )
   <not supported>      cycles                   
   <not supported>      stalled-cycles-frontend  
   <not supported>      stalled-cycles-backend   
   <not supported>      instructions             
   <not supported>      branches                 
   <not supported>      branch-misses            

       1.294386592 seconds time elapsed                                          ( +-  3.14% )


 Performance counter stats for './mandelbrot_pth 0.175 0.375 -0.1 0.1 8 4096' (10 runs):

      28172.479712      task-clock (msec)         #    6.067 CPUs utilized            ( +-  0.97% )
               258      context-switches          #    0.009 K/sec                    ( +-  2.99% )
                41      cpu-migrations            #    0.001 K/sec                    ( +-  3.62% )
                71      page-faults               #    0.003 K/sec                    ( +-  0.43% )
   <not supported>      cycles                   
   <not supported>      stalled-cycles-frontend  
   <not supported>      stalled-cycles-backend   
   <not supported>      instructions             
   <not supported>      branches                 
   <not supported>      branch-misses            

       4.643274145 seconds time elapsed                                          ( +-  1.18% )


 Performance counter stats for './mandelbrot_pth 0.175 0.375 -0.1 0.1 8 8192' (10 runs):

     113690.491811      task-clock (msec)         #    6.082 CPUs utilized            ( +-  1.38% )
               918      context-switches          #    0.008 K/sec                    ( +-  1.20% )
               148      cpu-migrations            #    0.001 K/sec                    ( +-  3.75% )
                70      page-faults               #    0.001 K/sec                    ( +-  0.64% )
   <not supported>      cycles                   
   <not supported>      stalled-cycles-frontend  
   <not supported>      stalled-cycles-backend   
   <not supported>      instructions             
   <not supported>      branches                 
   <not supported>      branch-misses            

      18.693740183 seconds time elapsed                                          ( +-  1.11% )

