
 Performance counter stats for './mandelbrot_pth -2.5 1.5 -2.0 2.0 1 16' (10 runs):

          0.454489      task-clock (msec)         #    0.589 CPUs utilized            ( +-  2.34% )
                 1      context-switches          #    0.002 M/sec                  
                 1      cpu-migrations            #    0.002 M/sec                  
                57      page-faults               #    0.125 M/sec                    ( +-  0.59% )
   <not supported>      cycles                   
   <not supported>      stalled-cycles-frontend  
   <not supported>      stalled-cycles-backend   
   <not supported>      instructions             
   <not supported>      branches                 
   <not supported>      branch-misses            

       0.000771914 seconds time elapsed                                          ( +-  2.20% )


 Performance counter stats for './mandelbrot_pth -2.5 1.5 -2.0 2.0 1 32' (10 runs):

          0.600685      task-clock (msec)         #    0.652 CPUs utilized            ( +-  0.98% )
                 1      context-switches          #    0.002 M/sec                  
                 1      cpu-migrations            #    0.002 M/sec                  
                57      page-faults               #    0.095 M/sec                    ( +-  0.52% )
   <not supported>      cycles                   
   <not supported>      stalled-cycles-frontend  
   <not supported>      stalled-cycles-backend   
   <not supported>      instructions             
   <not supported>      branches                 
   <not supported>      branch-misses            

       0.000920842 seconds time elapsed                                          ( +-  1.09% )


 Performance counter stats for './mandelbrot_pth -2.5 1.5 -2.0 2.0 1 64' (10 runs):

          1.209585      task-clock (msec)         #    0.794 CPUs utilized            ( +-  0.60% )
                 1      context-switches          #    0.827 K/sec                  
                 1      cpu-migrations            #    0.827 K/sec                  
                57      page-faults               #    0.047 M/sec                    ( +-  0.57% )
   <not supported>      cycles                   
   <not supported>      stalled-cycles-frontend  
   <not supported>      stalled-cycles-backend   
   <not supported>      instructions             
   <not supported>      branches                 
   <not supported>      branch-misses            

       0.001523262 seconds time elapsed                                          ( +-  0.81% )


 Performance counter stats for './mandelbrot_pth -2.5 1.5 -2.0 2.0 1 128' (10 runs):

          3.599016      task-clock (msec)         #    0.906 CPUs utilized            ( +-  0.37% )
                 1      context-switches          #    0.278 K/sec                  
                 1      cpu-migrations            #    0.278 K/sec                  
                57      page-faults               #    0.016 M/sec                    ( +-  0.66% )
   <not supported>      cycles                   
   <not supported>      stalled-cycles-frontend  
   <not supported>      stalled-cycles-backend   
   <not supported>      instructions             
   <not supported>      branches                 
   <not supported>      branch-misses            

       0.003970289 seconds time elapsed                                          ( +-  0.38% )


 Performance counter stats for './mandelbrot_pth -2.5 1.5 -2.0 2.0 1 256' (10 runs):

         12.962066      task-clock (msec)         #    0.971 CPUs utilized            ( +-  0.07% )
                 1      context-switches          #    0.077 K/sec                  
                 1      cpu-migrations            #    0.077 K/sec                  
                57      page-faults               #    0.004 M/sec                    ( +-  0.67% )
   <not supported>      cycles                   
   <not supported>      stalled-cycles-frontend  
   <not supported>      stalled-cycles-backend   
   <not supported>      instructions             
   <not supported>      branches                 
   <not supported>      branch-misses            

       0.013351757 seconds time elapsed                                          ( +-  0.11% )


 Performance counter stats for './mandelbrot_pth -2.5 1.5 -2.0 2.0 1 512' (10 runs):

         50.045430      task-clock (msec)         #    0.992 CPUs utilized            ( +-  0.13% )
                 1      context-switches          #    0.020 K/sec                  
                 1      cpu-migrations            #    0.022 K/sec                    ( +-  9.09% )
                57      page-faults               #    0.001 M/sec                    ( +-  0.75% )
   <not supported>      cycles                   
   <not supported>      stalled-cycles-frontend  
   <not supported>      stalled-cycles-backend   
   <not supported>      instructions             
   <not supported>      branches                 
   <not supported>      branch-misses            

       0.050448056 seconds time elapsed                                          ( +-  0.15% )


 Performance counter stats for './mandelbrot_pth -2.5 1.5 -2.0 2.0 1 1024' (10 runs):

        196.994688      task-clock (msec)         #    0.998 CPUs utilized            ( +-  0.05% )
                 2      context-switches          #    0.009 K/sec                    ( +- 17.65% )
                 1      cpu-migrations            #    0.005 K/sec                  
                57      page-faults               #    0.289 K/sec                    ( +-  0.49% )
   <not supported>      cycles                   
   <not supported>      stalled-cycles-frontend  
   <not supported>      stalled-cycles-backend   
   <not supported>      instructions             
   <not supported>      branches                 
   <not supported>      branch-misses            

       0.197443735 seconds time elapsed                                          ( +-  0.06% )


 Performance counter stats for './mandelbrot_pth -2.5 1.5 -2.0 2.0 1 2048' (10 runs):

        785.106527      task-clock (msec)         #    0.999 CPUs utilized            ( +-  0.03% )
                 4      context-switches          #    0.005 K/sec                    ( +- 10.23% )
                 1      cpu-migrations            #    0.001 K/sec                  
                57      page-faults               #    0.072 K/sec                    ( +-  0.44% )
   <not supported>      cycles                   
   <not supported>      stalled-cycles-frontend  
   <not supported>      stalled-cycles-backend   
   <not supported>      instructions             
   <not supported>      branches                 
   <not supported>      branch-misses            

       0.785541659 seconds time elapsed                                          ( +-  0.03% )


 Performance counter stats for './mandelbrot_pth -2.5 1.5 -2.0 2.0 1 4096' (10 runs):

       3143.829601      task-clock (msec)         #    1.000 CPUs utilized            ( +-  0.05% )
                11      context-switches          #    0.003 K/sec                    ( +-  2.69% )
                 1      cpu-migrations            #    0.000 K/sec                    ( +-  9.09% )
                57      page-faults               #    0.018 K/sec                    ( +-  0.75% )
   <not supported>      cycles                   
   <not supported>      stalled-cycles-frontend  
   <not supported>      stalled-cycles-backend   
   <not supported>      instructions             
   <not supported>      branches                 
   <not supported>      branch-misses            

       3.144343657 seconds time elapsed                                          ( +-  0.05% )


 Performance counter stats for './mandelbrot_pth -2.5 1.5 -2.0 2.0 1 8192' (10 runs):

      12636.187754      task-clock (msec)         #    1.000 CPUs utilized            ( +-  0.62% )
                36      context-switches          #    0.003 K/sec                    ( +-  1.24% )
                 1      cpu-migrations            #    0.000 K/sec                  
                57      page-faults               #    0.005 K/sec                    ( +-  0.41% )
   <not supported>      cycles                   
   <not supported>      stalled-cycles-frontend  
   <not supported>      stalled-cycles-backend   
   <not supported>      instructions             
   <not supported>      branches                 
   <not supported>      branch-misses            

      12.637060615 seconds time elapsed                                          ( +-  0.62% )

