
 Performance counter stats for './mandelbrot_pth -2.5 1.5 -2.0 2.0 8 16' (10 runs):

          0.832174      task-clock (msec)         #    0.813 CPUs utilized            ( +-  2.38% )
                11      context-switches          #    0.013 M/sec                    ( +- 10.37% )
                 8      cpu-migrations            #    0.010 M/sec                  
                71      page-faults               #    0.085 M/sec                    ( +-  0.47% )
   <not supported>      cycles                   
   <not supported>      stalled-cycles-frontend  
   <not supported>      stalled-cycles-backend   
   <not supported>      instructions             
   <not supported>      branches                 
   <not supported>      branch-misses            

       0.001023296 seconds time elapsed                                          ( +-  3.02% )


 Performance counter stats for './mandelbrot_pth -2.5 1.5 -2.0 2.0 8 32' (10 runs):

          0.969197      task-clock (msec)         #    0.934 CPUs utilized            ( +-  2.17% )
                 5      context-switches          #    0.006 M/sec                    ( +- 16.84% )
                 8      cpu-migrations            #    0.008 M/sec                  
                71      page-faults               #    0.074 M/sec                    ( +-  0.42% )
   <not supported>      cycles                   
   <not supported>      stalled-cycles-frontend  
   <not supported>      stalled-cycles-backend   
   <not supported>      instructions             
   <not supported>      branches                 
   <not supported>      branch-misses            

       0.001037393 seconds time elapsed                                          ( +-  3.36% )


 Performance counter stats for './mandelbrot_pth -2.5 1.5 -2.0 2.0 8 64' (10 runs):

          1.698053      task-clock (msec)         #    1.215 CPUs utilized            ( +-  2.83% )
                 6      context-switches          #    0.003 M/sec                    ( +- 12.56% )
                 8      cpu-migrations            #    0.005 M/sec                    ( +-  1.86% )
                71      page-faults               #    0.042 M/sec                    ( +-  0.39% )
   <not supported>      cycles                   
   <not supported>      stalled-cycles-frontend  
   <not supported>      stalled-cycles-backend   
   <not supported>      instructions             
   <not supported>      branches                 
   <not supported>      branch-misses            

       0.001398103 seconds time elapsed                                          ( +-  4.07% )


 Performance counter stats for './mandelbrot_pth -2.5 1.5 -2.0 2.0 8 128' (10 runs):

          4.234579      task-clock (msec)         #    1.766 CPUs utilized            ( +-  1.31% )
                 4      context-switches          #    0.992 K/sec                    ( +- 12.70% )
                 8      cpu-migrations            #    0.002 M/sec                    ( +-  1.86% )
                71      page-faults               #    0.017 M/sec                    ( +-  0.42% )
   <not supported>      cycles                   
   <not supported>      stalled-cycles-frontend  
   <not supported>      stalled-cycles-backend   
   <not supported>      instructions             
   <not supported>      branches                 
   <not supported>      branch-misses            

       0.002398033 seconds time elapsed                                          ( +-  1.48% )


 Performance counter stats for './mandelbrot_pth -2.5 1.5 -2.0 2.0 8 256' (10 runs):

         13.919227      task-clock (msec)         #    2.298 CPUs utilized            ( +-  0.89% )
                 7      context-switches          #    0.503 K/sec                    ( +-  4.76% )
                 8      cpu-migrations            #    0.546 K/sec                    ( +-  2.91% )
                71      page-faults               #    0.005 M/sec                    ( +-  0.41% )
   <not supported>      cycles                   
   <not supported>      stalled-cycles-frontend  
   <not supported>      stalled-cycles-backend   
   <not supported>      instructions             
   <not supported>      branches                 
   <not supported>      branch-misses            

       0.006057257 seconds time elapsed                                          ( +-  0.84% )


 Performance counter stats for './mandelbrot_pth -2.5 1.5 -2.0 2.0 8 512' (10 runs):

         52.655768      task-clock (msec)         #    2.444 CPUs utilized            ( +-  0.82% )
                 6      context-switches          #    0.122 K/sec                    ( +-  5.80% )
                 8      cpu-migrations            #    0.152 K/sec                  
                71      page-faults               #    0.001 M/sec                    ( +-  0.39% )
   <not supported>      cycles                   
   <not supported>      stalled-cycles-frontend  
   <not supported>      stalled-cycles-backend   
   <not supported>      instructions             
   <not supported>      branches                 
   <not supported>      branch-misses            

       0.021544143 seconds time elapsed                                          ( +-  1.10% )


 Performance counter stats for './mandelbrot_pth -2.5 1.5 -2.0 2.0 8 1024' (10 runs):

        222.105109      task-clock (msec)         #    2.603 CPUs utilized            ( +-  0.95% )
                 8      context-switches          #    0.036 K/sec                    ( +-  6.97% )
                 7      cpu-migrations            #    0.033 K/sec                    ( +-  2.09% )
                71      page-faults               #    0.318 K/sec                    ( +-  0.42% )
   <not supported>      cycles                   
   <not supported>      stalled-cycles-frontend  
   <not supported>      stalled-cycles-backend   
   <not supported>      instructions             
   <not supported>      branches                 
   <not supported>      branch-misses            

       0.085325216 seconds time elapsed                                          ( +-  1.63% )


 Performance counter stats for './mandelbrot_pth -2.5 1.5 -2.0 2.0 8 2048' (10 runs):

        893.579404      task-clock (msec)         #    2.662 CPUs utilized            ( +-  1.11% )
                14      context-switches          #    0.015 K/sec                    ( +-  6.12% )
                 8      cpu-migrations            #    0.009 K/sec                    ( +-  4.77% )
                70      page-faults               #    0.079 K/sec                    ( +-  0.31% )
   <not supported>      cycles                   
   <not supported>      stalled-cycles-frontend  
   <not supported>      stalled-cycles-backend   
   <not supported>      instructions             
   <not supported>      branches                 
   <not supported>      branch-misses            

       0.335678171 seconds time elapsed                                          ( +-  1.10% )


 Performance counter stats for './mandelbrot_pth -2.5 1.5 -2.0 2.0 8 4096' (10 runs):

       3639.626970      task-clock (msec)         #    2.671 CPUs utilized            ( +-  2.27% )
                33      context-switches          #    0.009 K/sec                    ( +-  4.80% )
                 8      cpu-migrations            #    0.002 K/sec                    ( +-  3.16% )
                71      page-faults               #    0.019 K/sec                    ( +-  0.44% )
   <not supported>      cycles                   
   <not supported>      stalled-cycles-frontend  
   <not supported>      stalled-cycles-backend   
   <not supported>      instructions             
   <not supported>      branches                 
   <not supported>      branch-misses            

       1.362576634 seconds time elapsed                                          ( +-  2.10% )


 Performance counter stats for './mandelbrot_pth -2.5 1.5 -2.0 2.0 8 8192' (10 runs):

      15005.810299      task-clock (msec)         #    2.702 CPUs utilized            ( +-  2.29% )
                73      context-switches          #    0.005 K/sec                    ( +-  4.40% )
                 9      cpu-migrations            #    0.001 K/sec                    ( +-  5.26% )
                71      page-faults               #    0.005 K/sec                    ( +-  0.49% )
   <not supported>      cycles                   
   <not supported>      stalled-cycles-frontend  
   <not supported>      stalled-cycles-backend   
   <not supported>      instructions             
   <not supported>      branches                 
   <not supported>      branch-misses            

       5.554355924 seconds time elapsed                                          ( +-  2.79% )

