
 Performance counter stats for './mandelbrot_pth -2.5 1.5 -2.0 2.0 16 16' (10 runs):

          0.889038      task-clock (msec)         #    0.911 CPUs utilized            ( +-  1.56% )
                12      context-switches          #    0.014 M/sec                    ( +- 11.25% )
                16      cpu-migrations            #    0.018 M/sec                  
                88      page-faults               #    0.099 M/sec                    ( +-  0.34% )
   <not supported>      cycles                   
   <not supported>      stalled-cycles-frontend  
   <not supported>      stalled-cycles-backend   
   <not supported>      instructions             
   <not supported>      branches                 
   <not supported>      branch-misses            

       0.000976052 seconds time elapsed                                          ( +-  1.82% )


 Performance counter stats for './mandelbrot_pth -2.5 1.5 -2.0 2.0 16 32' (10 runs):

          1.145957      task-clock (msec)         #    1.056 CPUs utilized            ( +-  2.35% )
                14      context-switches          #    0.013 M/sec                    ( +- 10.03% )
                16      cpu-migrations            #    0.014 M/sec                  
                88      page-faults               #    0.077 M/sec                    ( +-  0.40% )
   <not supported>      cycles                   
   <not supported>      stalled-cycles-frontend  
   <not supported>      stalled-cycles-backend   
   <not supported>      instructions             
   <not supported>      branches                 
   <not supported>      branch-misses            

       0.001085320 seconds time elapsed                                          ( +-  3.10% )


 Performance counter stats for './mandelbrot_pth -2.5 1.5 -2.0 2.0 16 64' (10 runs):

          2.022427      task-clock (msec)         #    1.419 CPUs utilized            ( +-  1.19% )
                18      context-switches          #    0.009 M/sec                    ( +- 10.09% )
                17      cpu-migrations            #    0.009 M/sec                    ( +-  1.90% )
                88      page-faults               #    0.043 M/sec                    ( +-  0.30% )
   <not supported>      cycles                   
   <not supported>      stalled-cycles-frontend  
   <not supported>      stalled-cycles-backend   
   <not supported>      instructions             
   <not supported>      branches                 
   <not supported>      branch-misses            

       0.001425692 seconds time elapsed                                          ( +- 15.91% )


 Performance counter stats for './mandelbrot_pth -2.5 1.5 -2.0 2.0 16 128' (10 runs):

          4.736527      task-clock (msec)         #    2.716 CPUs utilized            ( +-  0.89% )
                13      context-switches          #    0.003 M/sec                    ( +-  8.39% )
                15      cpu-migrations            #    0.003 M/sec                    ( +-  1.40% )
                87      page-faults               #    0.018 M/sec                    ( +-  0.43% )
   <not supported>      cycles                   
   <not supported>      stalled-cycles-frontend  
   <not supported>      stalled-cycles-backend   
   <not supported>      instructions             
   <not supported>      branches                 
   <not supported>      branch-misses            

       0.001744146 seconds time elapsed                                          ( +-  1.49% )


 Performance counter stats for './mandelbrot_pth -2.5 1.5 -2.0 2.0 16 256' (10 runs):

         15.834884      task-clock (msec)         #    3.767 CPUs utilized            ( +-  0.78% )
                14      context-switches          #    0.884 K/sec                    ( +-  3.69% )
                15      cpu-migrations            #    0.928 K/sec                    ( +-  2.49% )
                88      page-faults               #    0.006 M/sec                    ( +-  0.25% )
   <not supported>      cycles                   
   <not supported>      stalled-cycles-frontend  
   <not supported>      stalled-cycles-backend   
   <not supported>      instructions             
   <not supported>      branches                 
   <not supported>      branch-misses            

       0.004203411 seconds time elapsed                                          ( +-  1.55% )


 Performance counter stats for './mandelbrot_pth -2.5 1.5 -2.0 2.0 16 512' (10 runs):

         61.226346      task-clock (msec)         #    3.982 CPUs utilized            ( +-  1.60% )
                15      context-switches          #    0.247 K/sec                    ( +-  2.69% )
                15      cpu-migrations            #    0.247 K/sec                    ( +-  1.19% )
                87      page-faults               #    0.001 M/sec                    ( +-  0.25% )
   <not supported>      cycles                   
   <not supported>      stalled-cycles-frontend  
   <not supported>      stalled-cycles-backend   
   <not supported>      instructions             
   <not supported>      branches                 
   <not supported>      branch-misses            

       0.015375821 seconds time elapsed                                          ( +-  2.83% )


 Performance counter stats for './mandelbrot_pth -2.5 1.5 -2.0 2.0 16 1024' (10 runs):

        255.282641      task-clock (msec)         #    4.385 CPUs utilized            ( +-  1.84% )
                20      context-switches          #    0.080 K/sec                    ( +-  3.74% )
                16      cpu-migrations            #    0.061 K/sec                    ( +-  1.08% )
                88      page-faults               #    0.344 K/sec                    ( +-  0.41% )
   <not supported>      cycles                   
   <not supported>      stalled-cycles-frontend  
   <not supported>      stalled-cycles-backend   
   <not supported>      instructions             
   <not supported>      branches                 
   <not supported>      branch-misses            

       0.058222818 seconds time elapsed                                          ( +-  3.61% )


 Performance counter stats for './mandelbrot_pth -2.5 1.5 -2.0 2.0 16 2048' (10 runs):

        987.212050      task-clock (msec)         #    4.297 CPUs utilized            ( +-  0.83% )
                38      context-switches          #    0.039 K/sec                    ( +-  3.92% )
                16      cpu-migrations            #    0.016 K/sec                    ( +-  2.02% )
                87      page-faults               #    0.089 K/sec                    ( +-  0.46% )
   <not supported>      cycles                   
   <not supported>      stalled-cycles-frontend  
   <not supported>      stalled-cycles-backend   
   <not supported>      instructions             
   <not supported>      branches                 
   <not supported>      branch-misses            

       0.229741233 seconds time elapsed                                          ( +-  1.18% )


 Performance counter stats for './mandelbrot_pth -2.5 1.5 -2.0 2.0 16 4096' (10 runs):

       4011.852442      task-clock (msec)         #    4.324 CPUs utilized            ( +-  2.05% )
                88      context-switches          #    0.022 K/sec                    ( +-  3.86% )
                17      cpu-migrations            #    0.004 K/sec                    ( +-  1.84% )
                88      page-faults               #    0.022 K/sec                    ( +-  0.38% )
   <not supported>      cycles                   
   <not supported>      stalled-cycles-frontend  
   <not supported>      stalled-cycles-backend   
   <not supported>      instructions             
   <not supported>      branches                 
   <not supported>      branch-misses            

       0.927896658 seconds time elapsed                                          ( +-  3.86% )


 Performance counter stats for './mandelbrot_pth -2.5 1.5 -2.0 2.0 16 8192' (10 runs):

      15818.474122      task-clock (msec)         #    4.267 CPUs utilized            ( +-  0.56% )
               231      context-switches          #    0.015 K/sec                    ( +-  1.93% )
                24      cpu-migrations            #    0.002 K/sec                    ( +-  6.03% )
                88      page-faults               #    0.006 K/sec                    ( +-  0.28% )
   <not supported>      cycles                   
   <not supported>      stalled-cycles-frontend  
   <not supported>      stalled-cycles-backend   
   <not supported>      instructions             
   <not supported>      branches                 
   <not supported>      branch-misses            

       3.706932702 seconds time elapsed                                          ( +-  0.92% )

