
 Performance counter stats for './mandelbrot_pth -0.8 -0.7 0.05 0.15 16 16' (10 runs):

          1.245473      task-clock (msec)         #    1.219 CPUs utilized            ( +-  1.01% )
                16      context-switches          #    0.013 M/sec                    ( +-  6.06% )
                16      cpu-migrations            #    0.013 M/sec                  
                88      page-faults               #    0.070 M/sec                    ( +-  0.41% )
   <not supported>      cycles                   
   <not supported>      stalled-cycles-frontend  
   <not supported>      stalled-cycles-backend   
   <not supported>      instructions             
   <not supported>      branches                 
   <not supported>      branch-misses            

       0.001021627 seconds time elapsed                                          ( +-  1.48% )


 Performance counter stats for './mandelbrot_pth -0.8 -0.7 0.05 0.15 16 32' (10 runs):

          2.729653      task-clock (msec)         #    1.623 CPUs utilized            ( +-  1.31% )
                17      context-switches          #    0.006 M/sec                    ( +- 11.19% )
                17      cpu-migrations            #    0.006 M/sec                    ( +-  4.10% )
                88      page-faults               #    0.032 M/sec                    ( +-  0.42% )
   <not supported>      cycles                   
   <not supported>      stalled-cycles-frontend  
   <not supported>      stalled-cycles-backend   
   <not supported>      instructions             
   <not supported>      branches                 
   <not supported>      branch-misses            

       0.001681578 seconds time elapsed                                          ( +- 21.30% )


 Performance counter stats for './mandelbrot_pth -0.8 -0.7 0.05 0.15 16 64' (10 runs):

          7.998578      task-clock (msec)         #    3.557 CPUs utilized            ( +-  0.59% )
                14      context-switches          #    0.002 M/sec                    ( +-  4.29% )
                15      cpu-migrations            #    0.002 M/sec                    ( +-  0.99% )
                88      page-faults               #    0.011 M/sec                    ( +-  0.40% )
   <not supported>      cycles                   
   <not supported>      stalled-cycles-frontend  
   <not supported>      stalled-cycles-backend   
   <not supported>      instructions             
   <not supported>      branches                 
   <not supported>      branch-misses            

       0.002248815 seconds time elapsed                                          ( +-  4.05% )


 Performance counter stats for './mandelbrot_pth -0.8 -0.7 0.05 0.15 16 128' (10 runs):

         29.143559      task-clock (msec)         #    4.481 CPUs utilized            ( +-  0.83% )
                12      context-switches          #    0.429 K/sec                    ( +-  6.34% )
                15      cpu-migrations            #    0.508 K/sec                    ( +-  1.69% )
                88      page-faults               #    0.003 M/sec                    ( +-  0.43% )
   <not supported>      cycles                   
   <not supported>      stalled-cycles-frontend  
   <not supported>      stalled-cycles-backend   
   <not supported>      instructions             
   <not supported>      branches                 
   <not supported>      branch-misses            

       0.006503247 seconds time elapsed                                          ( +-  2.26% )


 Performance counter stats for './mandelbrot_pth -0.8 -0.7 0.05 0.15 16 256' (10 runs):

        118.002829      task-clock (msec)         #    6.159 CPUs utilized            ( +-  0.15% )
                13      context-switches          #    0.108 K/sec                    ( +-  3.25% )
                15      cpu-migrations            #    0.125 K/sec                    ( +-  1.04% )
                88      page-faults               #    0.746 K/sec                    ( +-  0.38% )
   <not supported>      cycles                   
   <not supported>      stalled-cycles-frontend  
   <not supported>      stalled-cycles-backend   
   <not supported>      instructions             
   <not supported>      branches                 
   <not supported>      branch-misses            

       0.019160736 seconds time elapsed                                          ( +-  0.82% )


 Performance counter stats for './mandelbrot_pth -0.8 -0.7 0.05 0.15 16 512' (10 runs):

        474.576232      task-clock (msec)         #    6.853 CPUs utilized            ( +-  0.59% )
                42      context-switches          #    0.088 K/sec                    ( +-  1.85% )
                16      cpu-migrations            #    0.034 K/sec                    ( +-  1.95% )
                88      page-faults               #    0.185 K/sec                    ( +-  0.38% )
   <not supported>      cycles                   
   <not supported>      stalled-cycles-frontend  
   <not supported>      stalled-cycles-backend   
   <not supported>      instructions             
   <not supported>      branches                 
   <not supported>      branch-misses            

       0.069249896 seconds time elapsed                                          ( +-  1.54% )


 Performance counter stats for './mandelbrot_pth -0.8 -0.7 0.05 0.15 16 1024' (10 runs):

       1934.418685      task-clock (msec)         #    6.769 CPUs utilized            ( +-  1.45% )
               142      context-switches          #    0.073 K/sec                    ( +-  1.47% )
                20      cpu-migrations            #    0.010 K/sec                    ( +-  4.03% )
                87      page-faults               #    0.045 K/sec                    ( +-  0.42% )
   <not supported>      cycles                   
   <not supported>      stalled-cycles-frontend  
   <not supported>      stalled-cycles-backend   
   <not supported>      instructions             
   <not supported>      branches                 
   <not supported>      branch-misses            

       0.285767731 seconds time elapsed                                          ( +-  2.53% )


 Performance counter stats for './mandelbrot_pth -0.8 -0.7 0.05 0.15 16 2048' (10 runs):

       7781.443141      task-clock (msec)         #    7.012 CPUs utilized            ( +-  2.13% )
               485      context-switches          #    0.062 K/sec                    ( +-  1.11% )
                34      cpu-migrations            #    0.004 K/sec                    ( +-  6.42% )
                88      page-faults               #    0.011 K/sec                    ( +-  0.41% )
   <not supported>      cycles                   
   <not supported>      stalled-cycles-frontend  
   <not supported>      stalled-cycles-backend   
   <not supported>      instructions             
   <not supported>      branches                 
   <not supported>      branch-misses            

       1.109758142 seconds time elapsed                                          ( +-  2.81% )


 Performance counter stats for './mandelbrot_pth -0.8 -0.7 0.05 0.15 16 4096' (10 runs):

      30173.179510      task-clock (msec)         #    7.245 CPUs utilized            ( +-  0.06% )
             1,811      context-switches          #    0.060 K/sec                    ( +-  0.37% )
                94      cpu-migrations            #    0.003 K/sec                    ( +-  4.40% )
                88      page-faults               #    0.003 K/sec                    ( +-  0.25% )
   <not supported>      cycles                   
   <not supported>      stalled-cycles-frontend  
   <not supported>      stalled-cycles-backend   
   <not supported>      instructions             
   <not supported>      branches                 
   <not supported>      branch-misses            

       4.164449826 seconds time elapsed                                          ( +-  0.28% )


 Performance counter stats for './mandelbrot_pth -0.8 -0.7 0.05 0.15 16 8192' (10 runs):

     121383.780302      task-clock (msec)         #    7.228 CPUs utilized            ( +-  0.45% )
             7,083      context-switches          #    0.058 K/sec                    ( +-  0.24% )
               300      cpu-migrations            #    0.002 K/sec                    ( +-  3.56% )
                88      page-faults               #    0.001 K/sec                    ( +-  0.36% )
   <not supported>      cycles                   
   <not supported>      stalled-cycles-frontend  
   <not supported>      stalled-cycles-backend   
   <not supported>      instructions             
   <not supported>      branches                 
   <not supported>      branch-misses            

      16.793229445 seconds time elapsed                                          ( +-  0.46% )

