
 Performance counter stats for './mandelbrot_pth -0.8 -0.7 0.05 0.15 2 16' (10 runs):

          0.788843      task-clock (msec)         #    0.911 CPUs utilized            ( +-  1.70% )
                 1      context-switches          #    0.001 M/sec                  
                 2      cpu-migrations            #    0.003 M/sec                  
                59      page-faults               #    0.075 M/sec                    ( +-  0.47% )
   <not supported>      cycles                   
   <not supported>      stalled-cycles-frontend  
   <not supported>      stalled-cycles-backend   
   <not supported>      instructions             
   <not supported>      branches                 
   <not supported>      branch-misses            

       0.000866244 seconds time elapsed                                          ( +-  1.92% )


 Performance counter stats for './mandelbrot_pth -0.8 -0.7 0.05 0.15 2 32' (10 runs):

          1.921777      task-clock (msec)         #    1.223 CPUs utilized            ( +-  0.52% )
                 1      context-switches          #    0.520 K/sec                  
                 2      cpu-migrations            #    0.001 M/sec                    ( +- 11.11% )
                58      page-faults               #    0.030 M/sec                    ( +-  0.37% )
   <not supported>      cycles                   
   <not supported>      stalled-cycles-frontend  
   <not supported>      stalled-cycles-backend   
   <not supported>      instructions             
   <not supported>      branches                 
   <not supported>      branch-misses            

       0.001571524 seconds time elapsed                                          ( +-  1.53% )


 Performance counter stats for './mandelbrot_pth -0.8 -0.7 0.05 0.15 2 64' (10 runs):

          6.293079      task-clock (msec)         #    1.558 CPUs utilized            ( +-  0.48% )
                 1      context-switches          #    0.159 K/sec                  
                 2      cpu-migrations            #    0.318 K/sec                  
                59      page-faults               #    0.009 M/sec                    ( +-  0.47% )
   <not supported>      cycles                   
   <not supported>      stalled-cycles-frontend  
   <not supported>      stalled-cycles-backend   
   <not supported>      instructions             
   <not supported>      branches                 
   <not supported>      branch-misses            

       0.004040391 seconds time elapsed                                          ( +-  0.79% )


 Performance counter stats for './mandelbrot_pth -0.8 -0.7 0.05 0.15 2 128' (10 runs):

         24.009258      task-clock (msec)         #    1.696 CPUs utilized            ( +-  1.56% )
                 1      context-switches          #    0.042 K/sec                  
                 2      cpu-migrations            #    0.092 K/sec                    ( +-  9.09% )
                59      page-faults               #    0.002 M/sec                    ( +-  0.44% )
   <not supported>      cycles                   
   <not supported>      stalled-cycles-frontend  
   <not supported>      stalled-cycles-backend   
   <not supported>      instructions             
   <not supported>      branches                 
   <not supported>      branch-misses            

       0.014154506 seconds time elapsed                                          ( +-  1.35% )


 Performance counter stats for './mandelbrot_pth -0.8 -0.7 0.05 0.15 2 256' (10 runs):

         92.342586      task-clock (msec)         #    1.751 CPUs utilized            ( +-  0.11% )
                 1      context-switches          #    0.012 K/sec                    ( +-  9.09% )
                 2      cpu-migrations            #    0.025 K/sec                    ( +-  6.64% )
                59      page-faults               #    0.638 K/sec                    ( +-  0.47% )
   <not supported>      cycles                   
   <not supported>      stalled-cycles-frontend  
   <not supported>      stalled-cycles-backend   
   <not supported>      instructions             
   <not supported>      branches                 
   <not supported>      branch-misses            

       0.052723705 seconds time elapsed                                          ( +-  0.11% )


 Performance counter stats for './mandelbrot_pth -0.8 -0.7 0.05 0.15 2 512' (10 runs):

        366.219639      task-clock (msec)         #    1.764 CPUs utilized            ( +-  0.05% )
                 2      context-switches          #    0.006 K/sec                    ( +- 22.50% )
                 2      cpu-migrations            #    0.006 K/sec                    ( +-  6.06% )
                58      page-faults               #    0.159 K/sec                    ( +-  0.37% )
   <not supported>      cycles                   
   <not supported>      stalled-cycles-frontend  
   <not supported>      stalled-cycles-backend   
   <not supported>      instructions             
   <not supported>      branches                 
   <not supported>      branch-misses            

       0.207557240 seconds time elapsed                                          ( +-  0.10% )


 Performance counter stats for './mandelbrot_pth -0.8 -0.7 0.05 0.15 2 1024' (10 runs):

       1462.562750      task-clock (msec)         #    1.768 CPUs utilized            ( +-  0.09% )
                 5      context-switches          #    0.003 K/sec                    ( +- 11.54% )
                 2      cpu-migrations            #    0.001 K/sec                    ( +-  4.76% )
                59      page-faults               #    0.040 K/sec                    ( +-  0.42% )
   <not supported>      cycles                   
   <not supported>      stalled-cycles-frontend  
   <not supported>      stalled-cycles-backend   
   <not supported>      instructions             
   <not supported>      branches                 
   <not supported>      branch-misses            

       0.827150431 seconds time elapsed                                          ( +-  0.04% )


 Performance counter stats for './mandelbrot_pth -0.8 -0.7 0.05 0.15 2 2048' (10 runs):

       5832.557401      task-clock (msec)         #    1.768 CPUs utilized            ( +-  0.03% )
                15      context-switches          #    0.003 K/sec                    ( +-  3.51% )
                 2      cpu-migrations            #    0.000 K/sec                  
                59      page-faults               #    0.010 K/sec                    ( +-  0.49% )
   <not supported>      cycles                   
   <not supported>      stalled-cycles-frontend  
   <not supported>      stalled-cycles-backend   
   <not supported>      instructions             
   <not supported>      branches                 
   <not supported>      branch-misses            

       3.298513880 seconds time elapsed                                          ( +-  0.02% )


 Performance counter stats for './mandelbrot_pth -0.8 -0.7 0.05 0.15 2 4096' (10 runs):

      23420.960229      task-clock (msec)         #    1.764 CPUs utilized            ( +-  0.21% )
                56      context-switches          #    0.002 K/sec                    ( +-  1.04% )
                 2      cpu-migrations            #    0.000 K/sec                  
                59      page-faults               #    0.003 K/sec                    ( +-  0.51% )
   <not supported>      cycles                   
   <not supported>      stalled-cycles-frontend  
   <not supported>      stalled-cycles-backend   
   <not supported>      instructions             
   <not supported>      branches                 
   <not supported>      branch-misses            

      13.279107281 seconds time elapsed                                          ( +-  0.38% )


 Performance counter stats for './mandelbrot_pth -0.8 -0.7 0.05 0.15 2 8192' (10 runs):

      94408.352606      task-clock (msec)         #    1.762 CPUs utilized            ( +-  0.55% )
               220      context-switches          #    0.002 K/sec                    ( +-  0.68% )
                 2      cpu-migrations            #    0.000 K/sec                  
                59      page-faults               #    0.001 K/sec                    ( +-  0.57% )
   <not supported>      cycles                   
   <not supported>      stalled-cycles-frontend  
   <not supported>      stalled-cycles-backend   
   <not supported>      instructions             
   <not supported>      branches                 
   <not supported>      branch-misses            

      53.579027251 seconds time elapsed                                          ( +-  0.65% )

