
 Performance counter stats for './mandelbrot_pth -0.8 -0.7 0.05 0.15 8 16' (10 runs):

          1.220445      task-clock (msec)         #    1.162 CPUs utilized            ( +- 13.83% )
                 7      context-switches          #    0.006 M/sec                    ( +- 22.47% )
                 8      cpu-migrations            #    0.006 M/sec                    ( +-  2.22% )
                70      page-faults               #    0.058 M/sec                    ( +-  0.41% )
   <not supported>      cycles                   
   <not supported>      stalled-cycles-frontend  
   <not supported>      stalled-cycles-backend   
   <not supported>      instructions             
   <not supported>      branches                 
   <not supported>      branch-misses            

       0.001050370 seconds time elapsed                                          ( +- 16.01% )


 Performance counter stats for './mandelbrot_pth -0.8 -0.7 0.05 0.15 8 32' (10 runs):

          2.473501      task-clock (msec)         #    1.859 CPUs utilized            ( +-  1.94% )
                 6      context-switches          #    0.002 M/sec                    ( +- 11.89% )
                 7      cpu-migrations            #    0.003 M/sec                    ( +-  1.85% )
                71      page-faults               #    0.029 M/sec                    ( +-  0.43% )
   <not supported>      cycles                   
   <not supported>      stalled-cycles-frontend  
   <not supported>      stalled-cycles-backend   
   <not supported>      instructions             
   <not supported>      branches                 
   <not supported>      branch-misses            

       0.001330347 seconds time elapsed                                          ( +-  3.24% )


 Performance counter stats for './mandelbrot_pth -0.8 -0.7 0.05 0.15 8 64' (10 runs):

          6.894620      task-clock (msec)         #    3.003 CPUs utilized            ( +-  0.99% )
                 4      context-switches          #    0.537 K/sec                    ( +-  7.04% )
                 7      cpu-migrations            #    0.001 M/sec                  
                71      page-faults               #    0.010 M/sec                    ( +-  0.44% )
   <not supported>      cycles                   
   <not supported>      stalled-cycles-frontend  
   <not supported>      stalled-cycles-backend   
   <not supported>      instructions             
   <not supported>      branches                 
   <not supported>      branch-misses            

       0.002295751 seconds time elapsed                                          ( +-  1.50% )


 Performance counter stats for './mandelbrot_pth -0.8 -0.7 0.05 0.15 8 128' (10 runs):

         24.877189      task-clock (msec)         #    3.802 CPUs utilized            ( +-  0.74% )
                 4      context-switches          #    0.173 K/sec                    ( +-  3.55% )
                 7      cpu-migrations            #    0.293 K/sec                    ( +-  2.09% )
                71      page-faults               #    0.003 M/sec                    ( +-  0.37% )
   <not supported>      cycles                   
   <not supported>      stalled-cycles-frontend  
   <not supported>      stalled-cycles-backend   
   <not supported>      instructions             
   <not supported>      branches                 
   <not supported>      branch-misses            

       0.006543693 seconds time elapsed                                          ( +-  0.61% )


 Performance counter stats for './mandelbrot_pth -0.8 -0.7 0.05 0.15 8 256' (10 runs):

         99.439611      task-clock (msec)         #    4.521 CPUs utilized            ( +-  1.52% )
                 7      context-switches          #    0.070 K/sec                    ( +-  4.26% )
                 8      cpu-migrations            #    0.075 K/sec                    ( +-  2.22% )
                70      page-faults               #    0.708 K/sec                    ( +-  0.31% )
   <not supported>      cycles                   
   <not supported>      stalled-cycles-frontend  
   <not supported>      stalled-cycles-backend   
   <not supported>      instructions             
   <not supported>      branches                 
   <not supported>      branch-misses            

       0.021995263 seconds time elapsed                                          ( +-  1.51% )


 Performance counter stats for './mandelbrot_pth -0.8 -0.7 0.05 0.15 8 512' (10 runs):

        386.583468      task-clock (msec)         #    5.096 CPUs utilized            ( +-  2.17% )
                18      context-switches          #    0.046 K/sec                    ( +-  4.13% )
                 8      cpu-migrations            #    0.021 K/sec                    ( +-  2.44% )
                71      page-faults               #    0.183 K/sec                    ( +-  0.43% )
   <not supported>      cycles                   
   <not supported>      stalled-cycles-frontend  
   <not supported>      stalled-cycles-backend   
   <not supported>      instructions             
   <not supported>      branches                 
   <not supported>      branch-misses            

       0.075858997 seconds time elapsed                                          ( +-  2.61% )


 Performance counter stats for './mandelbrot_pth -0.8 -0.7 0.05 0.15 8 1024' (10 runs):

       1881.478179      task-clock (msec)         #    5.592 CPUs utilized            ( +-  1.57% )
                42      context-switches          #    0.022 K/sec                    ( +-  6.12% )
                10      cpu-migrations            #    0.005 K/sec                    ( +-  4.77% )
                70      page-faults               #    0.037 K/sec                    ( +-  0.53% )
   <not supported>      cycles                   
   <not supported>      stalled-cycles-frontend  
   <not supported>      stalled-cycles-backend   
   <not supported>      instructions             
   <not supported>      branches                 
   <not supported>      branch-misses            

       0.336484013 seconds time elapsed                                          ( +-  2.70% )


 Performance counter stats for './mandelbrot_pth -0.8 -0.7 0.05 0.15 8 2048' (10 runs):

       8242.940720      task-clock (msec)         #    5.990 CPUs utilized            ( +-  0.99% )
                96      context-switches          #    0.012 K/sec                    ( +-  3.14% )
                17      cpu-migrations            #    0.002 K/sec                    ( +-  4.68% )
                71      page-faults               #    0.009 K/sec                    ( +-  0.35% )
   <not supported>      cycles                   
   <not supported>      stalled-cycles-frontend  
   <not supported>      stalled-cycles-backend   
   <not supported>      instructions             
   <not supported>      branches                 
   <not supported>      branch-misses            

       1.376080944 seconds time elapsed                                          ( +-  1.66% )


 Performance counter stats for './mandelbrot_pth -0.8 -0.7 0.05 0.15 8 4096' (10 runs):

      30126.256910      task-clock (msec)         #    6.190 CPUs utilized            ( +-  1.51% )
               273      context-switches          #    0.009 K/sec                    ( +-  2.84% )
                46      cpu-migrations            #    0.002 K/sec                    ( +-  5.52% )
                71      page-faults               #    0.002 K/sec                    ( +-  0.44% )
   <not supported>      cycles                   
   <not supported>      stalled-cycles-frontend  
   <not supported>      stalled-cycles-backend   
   <not supported>      instructions             
   <not supported>      branches                 
   <not supported>      branch-misses            

       4.866942992 seconds time elapsed                                          ( +-  2.30% )


 Performance counter stats for './mandelbrot_pth -0.8 -0.7 0.05 0.15 8 8192' (10 runs):

     120468.013424      task-clock (msec)         #    6.241 CPUs utilized            ( +-  0.87% )
             1,048      context-switches          #    0.009 K/sec                    ( +-  2.27% )
               169      cpu-migrations            #    0.001 K/sec                    ( +-  4.79% )
                70      page-faults               #    0.001 K/sec                    ( +-  0.48% )
   <not supported>      cycles                   
   <not supported>      stalled-cycles-frontend  
   <not supported>      stalled-cycles-backend   
   <not supported>      instructions             
   <not supported>      branches                 
   <not supported>      branch-misses            

      19.302079273 seconds time elapsed                                          ( +-  1.42% )

