
 Performance counter stats for './mandelbrot_pth -0.188 -0.012 0.554 0.754 16 16' (10 runs):

          1.363502      task-clock (msec)         #    1.248 CPUs utilized            ( +-  1.26% )
                15      context-switches          #    0.011 M/sec                    ( +- 10.14% )
                16      cpu-migrations            #    0.012 M/sec                  
                88      page-faults               #    0.064 M/sec                    ( +-  0.42% )
   <not supported>      cycles                   
   <not supported>      stalled-cycles-frontend  
   <not supported>      stalled-cycles-backend   
   <not supported>      instructions             
   <not supported>      branches                 
   <not supported>      branch-misses            

       0.001092156 seconds time elapsed                                          ( +-  2.20% )


 Performance counter stats for './mandelbrot_pth -0.188 -0.012 0.554 0.754 16 32' (10 runs):

          3.012617      task-clock (msec)         #    2.371 CPUs utilized            ( +-  0.64% )
                23      context-switches          #    0.008 M/sec                    ( +-  7.92% )
                18      cpu-migrations            #    0.006 M/sec                    ( +-  3.33% )
                88      page-faults               #    0.029 M/sec                    ( +-  0.42% )
   <not supported>      cycles                   
   <not supported>      stalled-cycles-frontend  
   <not supported>      stalled-cycles-backend   
   <not supported>      instructions             
   <not supported>      branches                 
   <not supported>      branch-misses            

       0.001270647 seconds time elapsed                                          ( +-  1.02% )


 Performance counter stats for './mandelbrot_pth -0.188 -0.012 0.554 0.754 16 64' (10 runs):

          8.947836      task-clock (msec)         #    3.779 CPUs utilized            ( +-  0.52% )
                10      context-switches          #    0.001 M/sec                    ( +-  5.43% )
                15      cpu-migrations            #    0.002 M/sec                    ( +-  0.67% )
                88      page-faults               #    0.010 M/sec                    ( +-  0.41% )
   <not supported>      cycles                   
   <not supported>      stalled-cycles-frontend  
   <not supported>      stalled-cycles-backend   
   <not supported>      instructions             
   <not supported>      branches                 
   <not supported>      branch-misses            

       0.002367631 seconds time elapsed                                          ( +-  4.84% )


 Performance counter stats for './mandelbrot_pth -0.188 -0.012 0.554 0.754 16 128' (10 runs):

         33.359912      task-clock (msec)         #    5.238 CPUs utilized            ( +-  0.14% )
                10      context-switches          #    0.312 K/sec                    ( +-  2.13% )
                15      cpu-migrations            #    0.459 K/sec                    ( +-  1.40% )
                88      page-faults               #    0.003 M/sec                    ( +-  0.38% )
   <not supported>      cycles                   
   <not supported>      stalled-cycles-frontend  
   <not supported>      stalled-cycles-backend   
   <not supported>      instructions             
   <not supported>      branches                 
   <not supported>      branch-misses            

       0.006369066 seconds time elapsed                                          ( +-  0.75% )


 Performance counter stats for './mandelbrot_pth -0.188 -0.012 0.554 0.754 16 256' (10 runs):

        133.461181      task-clock (msec)         #    5.738 CPUs utilized            ( +-  0.14% )
                16      context-switches          #    0.117 K/sec                    ( +-  2.56% )
                15      cpu-migrations            #    0.113 K/sec                    ( +-  1.83% )
                88      page-faults               #    0.659 K/sec                    ( +-  0.36% )
   <not supported>      cycles                   
   <not supported>      stalled-cycles-frontend  
   <not supported>      stalled-cycles-backend   
   <not supported>      instructions             
   <not supported>      branches                 
   <not supported>      branch-misses            

       0.023258899 seconds time elapsed                                          ( +-  1.23% )


 Performance counter stats for './mandelbrot_pth -0.188 -0.012 0.554 0.754 16 512' (10 runs):

        540.452699      task-clock (msec)         #    6.558 CPUs utilized            ( +-  1.21% )
                49      context-switches          #    0.091 K/sec                    ( +-  1.78% )
                16      cpu-migrations            #    0.029 K/sec                    ( +-  2.07% )
                88      page-faults               #    0.163 K/sec                    ( +-  0.24% )
   <not supported>      cycles                   
   <not supported>      stalled-cycles-frontend  
   <not supported>      stalled-cycles-backend   
   <not supported>      instructions             
   <not supported>      branches                 
   <not supported>      branch-misses            

       0.082415018 seconds time elapsed                                          ( +-  2.23% )


 Performance counter stats for './mandelbrot_pth -0.188 -0.012 0.554 0.754 16 1024' (10 runs):

       2145.943095      task-clock (msec)         #    6.952 CPUs utilized            ( +-  0.18% )
               160      context-switches          #    0.075 K/sec                    ( +-  1.02% )
                22      cpu-migrations            #    0.010 K/sec                    ( +-  1.50% )
                87      page-faults               #    0.041 K/sec                    ( +-  0.46% )
   <not supported>      cycles                   
   <not supported>      stalled-cycles-frontend  
   <not supported>      stalled-cycles-backend   
   <not supported>      instructions             
   <not supported>      branches                 
   <not supported>      branch-misses            

       0.308674592 seconds time elapsed                                          ( +-  0.51% )


 Performance counter stats for './mandelbrot_pth -0.188 -0.012 0.554 0.754 16 2048' (10 runs):

       8614.448042      task-clock (msec)         #    7.238 CPUs utilized            ( +-  0.10% )
               571      context-switches          #    0.066 K/sec                    ( +-  0.59% )
                35      cpu-migrations            #    0.004 K/sec                    ( +-  6.05% )
                88      page-faults               #    0.010 K/sec                    ( +-  0.29% )
   <not supported>      cycles                   
   <not supported>      stalled-cycles-frontend  
   <not supported>      stalled-cycles-backend   
   <not supported>      instructions             
   <not supported>      branches                 
   <not supported>      branch-misses            

       1.190241574 seconds time elapsed                                          ( +-  0.34% )


 Performance counter stats for './mandelbrot_pth -0.188 -0.012 0.554 0.754 16 4096' (10 runs):

      35354.540029      task-clock (msec)         #    7.202 CPUs utilized            ( +-  1.49% )
             2,126      context-switches          #    0.060 K/sec                    ( +-  1.01% )
                84      cpu-migrations            #    0.002 K/sec                    ( +-  5.52% )
                88      page-faults               #    0.002 K/sec                    ( +-  0.23% )
   <not supported>      cycles                   
   <not supported>      stalled-cycles-frontend  
   <not supported>      stalled-cycles-backend   
   <not supported>      instructions             
   <not supported>      branches                 
   <not supported>      branch-misses            

       4.909228313 seconds time elapsed                                          ( +-  2.15% )


 Performance counter stats for './mandelbrot_pth -0.188 -0.012 0.554 0.754 16 8192' (10 runs):

     138555.247510      task-clock (msec)         #    7.391 CPUs utilized            ( +-  0.53% )
             8,463      context-switches          #    0.061 K/sec                    ( +-  0.35% )
               318      cpu-migrations            #    0.002 K/sec                    ( +-  2.91% )
                88      page-faults               #    0.001 K/sec                    ( +-  0.39% )
   <not supported>      cycles                   
   <not supported>      stalled-cycles-frontend  
   <not supported>      stalled-cycles-backend   
   <not supported>      instructions             
   <not supported>      branches                 
   <not supported>      branch-misses            

      18.747310039 seconds time elapsed                                          ( +-  0.52% )

