
 Performance counter stats for './mandelbrot_pth -0.188 -0.012 0.554 0.754 8 16' (10 runs):

          1.204976      task-clock (msec)         #    1.213 CPUs utilized            ( +-  2.46% )
                 7      context-switches          #    0.006 M/sec                    ( +- 13.39% )
                 8      cpu-migrations            #    0.006 M/sec                    ( +-  2.56% )
                70      page-faults               #    0.058 M/sec                    ( +-  0.47% )
   <not supported>      cycles                   
   <not supported>      stalled-cycles-frontend  
   <not supported>      stalled-cycles-backend   
   <not supported>      instructions             
   <not supported>      branches                 
   <not supported>      branch-misses            

       0.000993514 seconds time elapsed                                          ( +-  3.21% )


 Performance counter stats for './mandelbrot_pth -0.188 -0.012 0.554 0.754 8 32' (10 runs):

          2.570974      task-clock (msec)         #    1.831 CPUs utilized            ( +-  1.98% )
                 6      context-switches          #    0.002 M/sec                    ( +-  6.94% )
                 8      cpu-migrations            #    0.003 M/sec                    ( +-  1.71% )
                70      page-faults               #    0.027 M/sec                    ( +-  0.36% )
   <not supported>      cycles                   
   <not supported>      stalled-cycles-frontend  
   <not supported>      stalled-cycles-backend   
   <not supported>      instructions             
   <not supported>      branches                 
   <not supported>      branch-misses            

       0.001404151 seconds time elapsed                                          ( +-  2.42% )


 Performance counter stats for './mandelbrot_pth -0.188 -0.012 0.554 0.754 8 64' (10 runs):

          8.093758      task-clock (msec)         #    2.916 CPUs utilized            ( +-  1.44% )
                 6      context-switches          #    0.729 K/sec                    ( +-  3.95% )
                 8      cpu-migrations            #    0.964 K/sec                    ( +-  2.56% )
                70      page-faults               #    0.009 M/sec                    ( +-  0.31% )
   <not supported>      cycles                   
   <not supported>      stalled-cycles-frontend  
   <not supported>      stalled-cycles-backend   
   <not supported>      instructions             
   <not supported>      branches                 
   <not supported>      branch-misses            

       0.002775171 seconds time elapsed                                          ( +-  1.19% )


 Performance counter stats for './mandelbrot_pth -0.188 -0.012 0.554 0.754 8 128' (10 runs):

         28.393702      task-clock (msec)         #    3.774 CPUs utilized            ( +-  1.37% )
                 5      context-switches          #    0.173 K/sec                    ( +-  6.42% )
                 7      cpu-migrations            #    0.261 K/sec                    ( +-  2.21% )
                70      page-faults               #    0.002 M/sec                    ( +-  0.38% )
   <not supported>      cycles                   
   <not supported>      stalled-cycles-frontend  
   <not supported>      stalled-cycles-backend   
   <not supported>      instructions             
   <not supported>      branches                 
   <not supported>      branch-misses            

       0.007524264 seconds time elapsed                                          ( +-  1.86% )


 Performance counter stats for './mandelbrot_pth -0.188 -0.012 0.554 0.754 8 256' (10 runs):

        108.589763      task-clock (msec)         #    4.394 CPUs utilized            ( +-  0.71% )
                 7      context-switches          #    0.069 K/sec                    ( +-  4.55% )
                 8      cpu-migrations            #    0.072 K/sec                    ( +-  3.20% )
                70      page-faults               #    0.649 K/sec                    ( +-  0.38% )
   <not supported>      cycles                   
   <not supported>      stalled-cycles-frontend  
   <not supported>      stalled-cycles-backend   
   <not supported>      instructions             
   <not supported>      branches                 
   <not supported>      branch-misses            

       0.024714626 seconds time elapsed                                          ( +-  0.85% )


 Performance counter stats for './mandelbrot_pth -0.188 -0.012 0.554 0.754 8 512' (10 runs):

        527.153208      task-clock (msec)         #    5.737 CPUs utilized            ( +-  1.12% )
                24      context-switches          #    0.046 K/sec                    ( +-  4.33% )
                 8      cpu-migrations            #    0.014 K/sec                    ( +-  3.51% )
                71      page-faults               #    0.134 K/sec                    ( +-  0.47% )
   <not supported>      cycles                   
   <not supported>      stalled-cycles-frontend  
   <not supported>      stalled-cycles-backend   
   <not supported>      instructions             
   <not supported>      branches                 
   <not supported>      branch-misses            

       0.091888009 seconds time elapsed                                          ( +-  2.69% )


 Performance counter stats for './mandelbrot_pth -0.188 -0.012 0.554 0.754 8 1024' (10 runs):

       2154.749564      task-clock (msec)         #    5.763 CPUs utilized            ( +-  2.07% )
                44      context-switches          #    0.020 K/sec                    ( +-  4.74% )
                 9      cpu-migrations            #    0.004 K/sec                    ( +-  5.56% )
                71      page-faults               #    0.033 K/sec                    ( +-  0.57% )
   <not supported>      cycles                   
   <not supported>      stalled-cycles-frontend  
   <not supported>      stalled-cycles-backend   
   <not supported>      instructions             
   <not supported>      branches                 
   <not supported>      branch-misses            

       0.373892190 seconds time elapsed                                          ( +-  2.68% )


 Performance counter stats for './mandelbrot_pth -0.188 -0.012 0.554 0.754 8 2048' (10 runs):

       8878.412174      task-clock (msec)         #    6.232 CPUs utilized            ( +-  1.72% )
               106      context-switches          #    0.012 K/sec                    ( +-  4.91% )
                19      cpu-migrations            #    0.002 K/sec                    ( +-  8.89% )
                71      page-faults               #    0.008 K/sec                    ( +-  0.52% )
   <not supported>      cycles                   
   <not supported>      stalled-cycles-frontend  
   <not supported>      stalled-cycles-backend   
   <not supported>      instructions             
   <not supported>      branches                 
   <not supported>      branch-misses            

       1.424687086 seconds time elapsed                                          ( +-  3.47% )


 Performance counter stats for './mandelbrot_pth -0.188 -0.012 0.554 0.754 8 4096' (10 runs):

      34836.178220      task-clock (msec)         #    6.369 CPUs utilized            ( +-  1.00% )
               322      context-switches          #    0.009 K/sec                    ( +-  4.17% )
                57      cpu-migrations            #    0.002 K/sec                    ( +-  4.98% )
                71      page-faults               #    0.002 K/sec                    ( +-  0.37% )
   <not supported>      cycles                   
   <not supported>      stalled-cycles-frontend  
   <not supported>      stalled-cycles-backend   
   <not supported>      instructions             
   <not supported>      branches                 
   <not supported>      branch-misses            

       5.470020679 seconds time elapsed                                          ( +-  1.65% )


 Performance counter stats for './mandelbrot_pth -0.188 -0.012 0.554 0.754 8 8192' (10 runs):

     165346.642465      task-clock (msec)         #    6.392 CPUs utilized            ( +-  3.53% )
             1,270      context-switches          #    0.008 K/sec                    ( +-  2.07% )
               222      cpu-migrations            #    0.001 K/sec                    ( +-  3.96% )
                71      page-faults               #    0.000 K/sec                    ( +-  0.41% )
   <not supported>      cycles                   
   <not supported>      stalled-cycles-frontend  
   <not supported>      stalled-cycles-backend   
   <not supported>      instructions             
   <not supported>      branches                 
   <not supported>      branch-misses            

      25.866161605 seconds time elapsed                                          ( +-  3.94% )

