
 Performance counter stats for './mandelbrot_seq_wo_alloc -0.8 -0.7 0.05 0.15 16' (10 runs):

          0.568870      task-clock (msec)         #    0.734 CPUs utilized            ( +-  0.53% )
                 0      context-switches          #    0.000 K/sec                  
                 0      cpu-migrations            #    0.000 K/sec                  
                45      page-faults               #    0.079 M/sec                    ( +-  0.44% )
   <not supported>      cycles                   
   <not supported>      stalled-cycles-frontend  
   <not supported>      stalled-cycles-backend   
   <not supported>      instructions             
   <not supported>      branches                 
   <not supported>      branch-misses            

       0.000774618 seconds time elapsed                                          ( +-  1.12% )


 Performance counter stats for './mandelbrot_seq_wo_alloc -0.8 -0.7 0.05 0.15 32' (10 runs):

          1.633731      task-clock (msec)         #    0.879 CPUs utilized            ( +-  0.21% )
                 0      context-switches          #    0.000 K/sec                  
                 0      cpu-migrations            #    0.000 K/sec                  
                45      page-faults               #    0.028 M/sec                    ( +-  0.44% )
   <not supported>      cycles                   
   <not supported>      stalled-cycles-frontend  
   <not supported>      stalled-cycles-backend   
   <not supported>      instructions             
   <not supported>      branches                 
   <not supported>      branch-misses            

       0.001858394 seconds time elapsed                                          ( +-  0.39% )


 Performance counter stats for './mandelbrot_seq_wo_alloc -0.8 -0.7 0.05 0.15 64' (10 runs):

          5.900032      task-clock (msec)         #    0.963 CPUs utilized            ( +-  0.11% )
                 0      context-switches          #    0.017 K/sec                    ( +-100.00% )
                 0      cpu-migrations            #    0.000 K/sec                  
                46      page-faults               #    0.008 M/sec                    ( +-  0.48% )
   <not supported>      cycles                   
   <not supported>      stalled-cycles-frontend  
   <not supported>      stalled-cycles-backend   
   <not supported>      instructions             
   <not supported>      branches                 
   <not supported>      branch-misses            

       0.006125981 seconds time elapsed                                          ( +-  0.12% )


 Performance counter stats for './mandelbrot_seq_wo_alloc -0.8 -0.7 0.05 0.15 128' (10 runs):

         22.994920      task-clock (msec)         #    0.989 CPUs utilized            ( +-  0.09% )
                 0      context-switches          #    0.000 K/sec                  
                 0      cpu-migrations            #    0.000 K/sec                  
                45      page-faults               #    0.002 M/sec                    ( +-  0.77% )
   <not supported>      cycles                   
   <not supported>      stalled-cycles-frontend  
   <not supported>      stalled-cycles-backend   
   <not supported>      instructions             
   <not supported>      branches                 
   <not supported>      branch-misses            

       0.023254672 seconds time elapsed                                          ( +-  0.12% )


 Performance counter stats for './mandelbrot_seq_wo_alloc -0.8 -0.7 0.05 0.15 256' (10 runs):

         91.109416      task-clock (msec)         #    0.997 CPUs utilized            ( +-  0.04% )
                 0      context-switches          #    0.000 K/sec                  
                 0      cpu-migrations            #    0.000 K/sec                  
                45      page-faults               #    0.498 K/sec                    ( +-  0.49% )
   <not supported>      cycles                   
   <not supported>      stalled-cycles-frontend  
   <not supported>      stalled-cycles-backend   
   <not supported>      instructions             
   <not supported>      branches                 
   <not supported>      branch-misses            

       0.091399919 seconds time elapsed                                          ( +-  0.04% )


 Performance counter stats for './mandelbrot_seq_wo_alloc -0.8 -0.7 0.05 0.15 512' (10 runs):

        363.482367      task-clock (msec)         #    0.999 CPUs utilized            ( +-  0.03% )
                 1      context-switches          #    0.002 K/sec                    ( +- 37.19% )
                 0      cpu-migrations            #    0.000 K/sec                  
                46      page-faults               #    0.125 K/sec                    ( +-  0.67% )
   <not supported>      cycles                   
   <not supported>      stalled-cycles-frontend  
   <not supported>      stalled-cycles-backend   
   <not supported>      instructions             
   <not supported>      branches                 
   <not supported>      branch-misses            

       0.363823565 seconds time elapsed                                          ( +-  0.04% )


 Performance counter stats for './mandelbrot_seq_wo_alloc -0.8 -0.7 0.05 0.15 1024' (10 runs):

       1450.270348      task-clock (msec)         #    1.000 CPUs utilized            ( +-  0.03% )
                 3      context-switches          #    0.002 K/sec                    ( +- 11.11% )
                 0      cpu-migrations            #    0.000 K/sec                  
                45      page-faults               #    0.031 K/sec                    ( +-  0.49% )
   <not supported>      cycles                   
   <not supported>      stalled-cycles-frontend  
   <not supported>      stalled-cycles-backend   
   <not supported>      instructions             
   <not supported>      branches                 
   <not supported>      branch-misses            

       1.450611591 seconds time elapsed                                          ( +-  0.03% )


 Performance counter stats for './mandelbrot_seq_wo_alloc -0.8 -0.7 0.05 0.15 2048' (10 runs):

       5816.398729      task-clock (msec)         #    1.000 CPUs utilized            ( +-  0.15% )
                10      context-switches          #    0.002 K/sec                    ( +-  1.96% )
                 0      cpu-migrations            #    0.000 K/sec                  
                45      page-faults               #    0.008 K/sec                    ( +-  0.74% )
   <not supported>      cycles                   
   <not supported>      stalled-cycles-frontend  
   <not supported>      stalled-cycles-backend   
   <not supported>      instructions             
   <not supported>      branches                 
   <not supported>      branch-misses            

       5.816911438 seconds time elapsed                                          ( +-  0.15% )


 Performance counter stats for './mandelbrot_seq_wo_alloc -0.8 -0.7 0.05 0.15 4096' (10 runs):

      23207.123757      task-clock (msec)         #    1.000 CPUs utilized            ( +-  0.05% )
                40      context-switches          #    0.002 K/sec                    ( +-  1.06% )
                 0      cpu-migrations            #    0.000 K/sec                  
                45      page-faults               #    0.002 K/sec                    ( +-  0.47% )
   <not supported>      cycles                   
   <not supported>      stalled-cycles-frontend  
   <not supported>      stalled-cycles-backend   
   <not supported>      instructions             
   <not supported>      branches                 
   <not supported>      branch-misses            

      23.207899075 seconds time elapsed                                          ( +-  0.05% )


 Performance counter stats for './mandelbrot_seq_wo_alloc -0.8 -0.7 0.05 0.15 8192' (10 runs):

      92807.191758      task-clock (msec)         #    1.000 CPUs utilized            ( +-  0.02% )
               161      context-switches          #    0.002 K/sec                    ( +-  0.19% )
                 0      cpu-migrations            #    0.000 K/sec                  
                45      page-faults               #    0.000 K/sec                    ( +-  0.37% )
   <not supported>      cycles                   
   <not supported>      stalled-cycles-frontend  
   <not supported>      stalled-cycles-backend   
   <not supported>      instructions             
   <not supported>      branches                 
   <not supported>      branch-misses            

      92.808844049 seconds time elapsed                                          ( +-  0.02% )

