
 Performance counter stats for './mandelbrot_seq_wo_alloc -0.188 -0.012 0.554 0.754 16' (10 runs):

          0.608968      task-clock (msec)         #    0.753 CPUs utilized            ( +-  0.33% )
                 0      context-switches          #    0.000 K/sec                  
                 0      cpu-migrations            #    0.000 K/sec                  
                45      page-faults               #    0.075 M/sec                    ( +-  0.49% )
   <not supported>      cycles                   
   <not supported>      stalled-cycles-frontend  
   <not supported>      stalled-cycles-backend   
   <not supported>      instructions             
   <not supported>      branches                 
   <not supported>      branch-misses            

       0.000808465 seconds time elapsed                                          ( +-  0.55% )


 Performance counter stats for './mandelbrot_seq_wo_alloc -0.188 -0.012 0.554 0.754 32' (10 runs):

          1.833710      task-clock (msec)         #    0.894 CPUs utilized            ( +-  0.14% )
                 0      context-switches          #    0.000 K/sec                  
                 0      cpu-migrations            #    0.000 K/sec                  
                45      page-faults               #    0.025 M/sec                    ( +-  0.47% )
   <not supported>      cycles                   
   <not supported>      stalled-cycles-frontend  
   <not supported>      stalled-cycles-backend   
   <not supported>      instructions             
   <not supported>      branches                 
   <not supported>      branch-misses            

       0.002051809 seconds time elapsed                                          ( +-  0.21% )


 Performance counter stats for './mandelbrot_seq_wo_alloc -0.188 -0.012 0.554 0.754 64' (10 runs):

          6.702423      task-clock (msec)         #    0.965 CPUs utilized            ( +-  0.07% )
                 0      context-switches          #    0.015 K/sec                    ( +-100.00% )
                 0      cpu-migrations            #    0.000 K/sec                  
                45      page-faults               #    0.007 M/sec                    ( +-  0.55% )
   <not supported>      cycles                   
   <not supported>      stalled-cycles-frontend  
   <not supported>      stalled-cycles-backend   
   <not supported>      instructions             
   <not supported>      branches                 
   <not supported>      branch-misses            

       0.006945203 seconds time elapsed                                          ( +-  0.13% )


 Performance counter stats for './mandelbrot_seq_wo_alloc -0.188 -0.012 0.554 0.754 128' (10 runs):

         26.149844      task-clock (msec)         #    0.990 CPUs utilized            ( +-  0.09% )
                 0      context-switches          #    0.004 K/sec                    ( +-100.00% )
                 0      cpu-migrations            #    0.000 K/sec                  
                45      page-faults               #    0.002 M/sec                    ( +-  0.44% )
   <not supported>      cycles                   
   <not supported>      stalled-cycles-frontend  
   <not supported>      stalled-cycles-backend   
   <not supported>      instructions             
   <not supported>      branches                 
   <not supported>      branch-misses            

       0.026418805 seconds time elapsed                                          ( +-  0.08% )


 Performance counter stats for './mandelbrot_seq_wo_alloc -0.188 -0.012 0.554 0.754 256' (10 runs):

        103.773337      task-clock (msec)         #    0.997 CPUs utilized            ( +-  0.06% )
                 0      context-switches          #    0.001 K/sec                    ( +-100.00% )
                 0      cpu-migrations            #    0.000 K/sec                  
                45      page-faults               #    0.435 K/sec                    ( +-  0.40% )
   <not supported>      cycles                   
   <not supported>      stalled-cycles-frontend  
   <not supported>      stalled-cycles-backend   
   <not supported>      instructions             
   <not supported>      branches                 
   <not supported>      branch-misses            

       0.104076408 seconds time elapsed                                          ( +-  0.06% )


 Performance counter stats for './mandelbrot_seq_wo_alloc -0.188 -0.012 0.554 0.754 512' (10 runs):

        413.509662      task-clock (msec)         #    0.999 CPUs utilized            ( +-  0.04% )
                 1      context-switches          #    0.002 K/sec                    ( +- 47.86% )
                 0      cpu-migrations            #    0.000 K/sec                  
                45      page-faults               #    0.110 K/sec                    ( +-  0.36% )
   <not supported>      cycles                   
   <not supported>      stalled-cycles-frontend  
   <not supported>      stalled-cycles-backend   
   <not supported>      instructions             
   <not supported>      branches                 
   <not supported>      branch-misses            

       0.413834769 seconds time elapsed                                          ( +-  0.05% )


 Performance counter stats for './mandelbrot_seq_wo_alloc -0.188 -0.012 0.554 0.754 1024' (10 runs):

       1651.869445      task-clock (msec)         #    1.000 CPUs utilized            ( +-  0.02% )
                 3      context-switches          #    0.002 K/sec                    ( +-  7.03% )
                 0      cpu-migrations            #    0.000 K/sec                  
                45      page-faults               #    0.027 K/sec                    ( +-  0.57% )
   <not supported>      cycles                   
   <not supported>      stalled-cycles-frontend  
   <not supported>      stalled-cycles-backend   
   <not supported>      instructions             
   <not supported>      branches                 
   <not supported>      branch-misses            

       1.652246234 seconds time elapsed                                          ( +-  0.02% )


 Performance counter stats for './mandelbrot_seq_wo_alloc -0.188 -0.012 0.554 0.754 2048' (10 runs):

       6604.047823      task-clock (msec)         #    1.000 CPUs utilized            ( +-  0.01% )
                11      context-switches          #    0.002 K/sec                    ( +-  2.68% )
                 0      cpu-migrations            #    0.000 K/sec                  
                45      page-faults               #    0.007 K/sec                    ( +-  0.72% )
   <not supported>      cycles                   
   <not supported>      stalled-cycles-frontend  
   <not supported>      stalled-cycles-backend   
   <not supported>      instructions             
   <not supported>      branches                 
   <not supported>      branch-misses            

       6.604561547 seconds time elapsed                                          ( +-  0.01% )


 Performance counter stats for './mandelbrot_seq_wo_alloc -0.188 -0.012 0.554 0.754 4096' (10 runs):

      26434.672207      task-clock (msec)         #    1.000 CPUs utilized            ( +-  0.04% )
                46      context-switches          #    0.002 K/sec                    ( +-  0.72% )
                 0      cpu-migrations            #    0.000 K/sec                  
                45      page-faults               #    0.002 K/sec                    ( +-  0.40% )
   <not supported>      cycles                   
   <not supported>      stalled-cycles-frontend  
   <not supported>      stalled-cycles-backend   
   <not supported>      instructions             
   <not supported>      branches                 
   <not supported>      branch-misses            

      26.435386552 seconds time elapsed                                          ( +-  0.04% )


 Performance counter stats for './mandelbrot_seq_wo_alloc -0.188 -0.012 0.554 0.754 8192' (10 runs):

     105796.468225      task-clock (msec)         #    1.000 CPUs utilized            ( +-  0.03% )
               183      context-switches          #    0.002 K/sec                    ( +-  0.23% )
                 0      cpu-migrations            #    0.000 K/sec                  
                45      page-faults               #    0.000 K/sec                    ( +-  0.44% )
   <not supported>      cycles                   
   <not supported>      stalled-cycles-frontend  
   <not supported>      stalled-cycles-backend   
   <not supported>      instructions             
   <not supported>      branches                 
   <not supported>      branch-misses            

     105.798376820 seconds time elapsed                                          ( +-  0.03% )

