
 Performance counter stats for './mandelbrot_omp 0.175 0.375 -0.1 0.1 16' (10 runs):

          0.695554      task-clock (msec)         #    0.743 CPUs utilized            ( +-  0.40% )
                 0      context-switches          #    0.000 K/sec                  
                 0      cpu-migrations            #    0.000 K/sec                  
                60      page-faults               #    0.087 M/sec                    ( +-  0.43% )
   <not supported>      cycles                   
   <not supported>      stalled-cycles-frontend  
   <not supported>      stalled-cycles-backend   
   <not supported>      instructions             
   <not supported>      branches                 
   <not supported>      branch-misses            

       0.000936699 seconds time elapsed                                          ( +-  0.82% )


 Performance counter stats for './mandelbrot_omp 0.175 0.375 -0.1 0.1 32' (10 runs):

          1.712403      task-clock (msec)         #    0.875 CPUs utilized            ( +-  0.59% )
                 0      context-switches          #    0.000 K/sec                  
                 0      cpu-migrations            #    0.000 K/sec                  
                60      page-faults               #    0.035 M/sec                    ( +-  0.50% )
   <not supported>      cycles                   
   <not supported>      stalled-cycles-frontend  
   <not supported>      stalled-cycles-backend   
   <not supported>      instructions             
   <not supported>      branches                 
   <not supported>      branch-misses            

       0.001956528 seconds time elapsed                                          ( +-  0.71% )


 Performance counter stats for './mandelbrot_omp 0.175 0.375 -0.1 0.1 64' (10 runs):

          5.922858      task-clock (msec)         #    0.954 CPUs utilized            ( +-  0.77% )
                 0      context-switches          #    0.000 K/sec                  
                 0      cpu-migrations            #    0.000 K/sec                  
                60      page-faults               #    0.010 M/sec                    ( +-  0.48% )
   <not supported>      cycles                   
   <not supported>      stalled-cycles-frontend  
   <not supported>      stalled-cycles-backend   
   <not supported>      instructions             
   <not supported>      branches                 
   <not supported>      branch-misses            

       0.006207626 seconds time elapsed                                          ( +-  0.77% )


 Performance counter stats for './mandelbrot_omp 0.175 0.375 -0.1 0.1 128' (10 runs):

         21.983023      task-clock (msec)         #    0.987 CPUs utilized            ( +-  0.13% )
                 0      context-switches          #    0.009 K/sec                    ( +-100.00% )
                 0      cpu-migrations            #    0.000 K/sec                  
                60      page-faults               #    0.003 M/sec                    ( +-  0.48% )
   <not supported>      cycles                   
   <not supported>      stalled-cycles-frontend  
   <not supported>      stalled-cycles-backend   
   <not supported>      instructions             
   <not supported>      branches                 
   <not supported>      branch-misses            

       0.022278674 seconds time elapsed                                          ( +-  0.14% )


 Performance counter stats for './mandelbrot_omp 0.175 0.375 -0.1 0.1 256' (10 runs):

         86.552842      task-clock (msec)         #    0.996 CPUs utilized            ( +-  0.09% )
                 0      context-switches          #    0.002 K/sec                    ( +-100.00% )
                 0      cpu-migrations            #    0.000 K/sec                  
                60      page-faults               #    0.693 K/sec                    ( +-  0.35% )
   <not supported>      cycles                   
   <not supported>      stalled-cycles-frontend  
   <not supported>      stalled-cycles-backend   
   <not supported>      instructions             
   <not supported>      branches                 
   <not supported>      branch-misses            

       0.086913978 seconds time elapsed                                          ( +-  0.10% )


 Performance counter stats for './mandelbrot_omp 0.175 0.375 -0.1 0.1 512' (10 runs):

        343.363709      task-clock (msec)         #    0.999 CPUs utilized            ( +-  0.05% )
                 0      context-switches          #    0.001 K/sec                    ( +- 53.75% )
                 0      cpu-migrations            #    0.000 K/sec                  
                60      page-faults               #    0.175 K/sec                    ( +-  0.33% )
   <not supported>      cycles                   
   <not supported>      stalled-cycles-frontend  
   <not supported>      stalled-cycles-backend   
   <not supported>      instructions             
   <not supported>      branches                 
   <not supported>      branch-misses            

       0.343737084 seconds time elapsed                                          ( +-  0.05% )


 Performance counter stats for './mandelbrot_omp 0.175 0.375 -0.1 0.1 1024' (10 runs):

       1372.313473      task-clock (msec)         #    1.000 CPUs utilized            ( +-  0.02% )
                 2      context-switches          #    0.002 K/sec                    ( +- 11.32% )
                 0      cpu-migrations            #    0.000 K/sec                  
                60      page-faults               #    0.044 K/sec                    ( +-  0.44% )
   <not supported>      cycles                   
   <not supported>      stalled-cycles-frontend  
   <not supported>      stalled-cycles-backend   
   <not supported>      instructions             
   <not supported>      branches                 
   <not supported>      branch-misses            

       1.372702076 seconds time elapsed                                          ( +-  0.02% )


 Performance counter stats for './mandelbrot_omp 0.175 0.375 -0.1 0.1 2048' (10 runs):

       5518.312276      task-clock (msec)         #    1.000 CPUs utilized            ( +-  0.33% )
                 9      context-switches          #    0.002 K/sec                    ( +-  3.94% )
                 0      cpu-migrations            #    0.000 K/sec                  
                60      page-faults               #    0.011 K/sec                    ( +-  0.46% )
   <not supported>      cycles                   
   <not supported>      stalled-cycles-frontend  
   <not supported>      stalled-cycles-backend   
   <not supported>      instructions             
   <not supported>      branches                 
   <not supported>      branch-misses            

       5.518939793 seconds time elapsed                                          ( +-  0.33% )


 Performance counter stats for './mandelbrot_omp 0.175 0.375 -0.1 0.1 4096' (10 runs):

      21979.016841      task-clock (msec)         #    1.000 CPUs utilized            ( +-  0.03% )
                38      context-switches          #    0.002 K/sec                    ( +-  0.96% )
                 0      cpu-migrations            #    0.000 K/sec                  
                60      page-faults               #    0.003 K/sec                    ( +-  0.30% )
   <not supported>      cycles                   
   <not supported>      stalled-cycles-frontend  
   <not supported>      stalled-cycles-backend   
   <not supported>      instructions             
   <not supported>      branches                 
   <not supported>      branch-misses            

      21.980004803 seconds time elapsed                                          ( +-  0.03% )


 Performance counter stats for './mandelbrot_omp 0.175 0.375 -0.1 0.1 8192' (10 runs):

      88551.543855      task-clock (msec)         #    1.000 CPUs utilized            ( +-  0.34% )
               154      context-switches          #    0.002 K/sec                    ( +-  0.45% )
                 0      cpu-migrations            #    0.000 K/sec                  
                60      page-faults               #    0.001 K/sec                    ( +-  0.46% )
   <not supported>      cycles                   
   <not supported>      stalled-cycles-frontend  
   <not supported>      stalled-cycles-backend   
   <not supported>      instructions             
   <not supported>      branches                 
   <not supported>      branch-misses            

      88.554045206 seconds time elapsed                                          ( +-  0.34% )

