
 Performance counter stats for './mandelbrot_omp 0.175 0.375 -0.1 0.1 16' (10 runs):

          1.461213      task-clock (msec)         #    1.230 CPUs utilized            ( +-  1.34% )
                44      context-switches          #    0.030 M/sec                    ( +-  3.73% )
                25      cpu-migrations            #    0.017 M/sec                    ( +-  3.11% )
                92      page-faults               #    0.063 M/sec                    ( +-  0.18% )
   <not supported>      cycles                   
   <not supported>      stalled-cycles-frontend  
   <not supported>      stalled-cycles-backend   
   <not supported>      instructions             
   <not supported>      branches                 
   <not supported>      branch-misses            

       0.001187598 seconds time elapsed                                          ( +-  2.03% )


 Performance counter stats for './mandelbrot_omp 0.175 0.375 -0.1 0.1 32' (10 runs):

          2.596182      task-clock (msec)         #    1.992 CPUs utilized            ( +-  1.18% )
                41      context-switches          #    0.016 M/sec                    ( +-  5.63% )
                25      cpu-migrations            #    0.010 M/sec                    ( +-  5.62% )
                92      page-faults               #    0.036 M/sec                    ( +-  0.32% )
   <not supported>      cycles                   
   <not supported>      stalled-cycles-frontend  
   <not supported>      stalled-cycles-backend   
   <not supported>      instructions             
   <not supported>      branches                 
   <not supported>      branch-misses            

       0.001303423 seconds time elapsed                                          ( +-  1.31% )


 Performance counter stats for './mandelbrot_omp 0.175 0.375 -0.1 0.1 64' (10 runs):

          7.428301      task-clock (msec)         #    3.218 CPUs utilized            ( +-  0.95% )
                46      context-switches          #    0.006 M/sec                    ( +-  2.44% )
                28      cpu-migrations            #    0.004 M/sec                    ( +-  3.73% )
                92      page-faults               #    0.012 M/sec                    ( +-  0.30% )
   <not supported>      cycles                   
   <not supported>      stalled-cycles-frontend  
   <not supported>      stalled-cycles-backend   
   <not supported>      instructions             
   <not supported>      branches                 
   <not supported>      branch-misses            

       0.002308711 seconds time elapsed                                          ( +-  2.25% )


 Performance counter stats for './mandelbrot_omp 0.175 0.375 -0.1 0.1 128' (10 runs):

         26.992918      task-clock (msec)         #    4.754 CPUs utilized            ( +-  1.13% )
                48      context-switches          #    0.002 M/sec                    ( +-  2.03% )
                30      cpu-migrations            #    0.001 M/sec                    ( +-  4.89% )
                92      page-faults               #    0.003 M/sec                    ( +-  0.30% )
   <not supported>      cycles                   
   <not supported>      stalled-cycles-frontend  
   <not supported>      stalled-cycles-backend   
   <not supported>      instructions             
   <not supported>      branches                 
   <not supported>      branch-misses            

       0.005678202 seconds time elapsed                                          ( +-  1.81% )


 Performance counter stats for './mandelbrot_omp 0.175 0.375 -0.1 0.1 256' (10 runs):

        105.843140      task-clock (msec)         #    6.171 CPUs utilized            ( +-  0.63% )
                54      context-switches          #    0.508 K/sec                    ( +-  1.56% )
                30      cpu-migrations            #    0.279 K/sec                    ( +-  3.47% )
                93      page-faults               #    0.875 K/sec                    ( +-  0.33% )
   <not supported>      cycles                   
   <not supported>      stalled-cycles-frontend  
   <not supported>      stalled-cycles-backend   
   <not supported>      instructions             
   <not supported>      branches                 
   <not supported>      branch-misses            

       0.017152954 seconds time elapsed                                          ( +-  1.06% )


 Performance counter stats for './mandelbrot_omp 0.175 0.375 -0.1 0.1 512' (10 runs):

        430.756264      task-clock (msec)         #    6.727 CPUs utilized            ( +-  1.36% )
                78      context-switches          #    0.180 K/sec                    ( +-  1.47% )
                34      cpu-migrations            #    0.078 K/sec                    ( +-  2.11% )
                92      page-faults               #    0.213 K/sec                    ( +-  0.38% )
   <not supported>      cycles                   
   <not supported>      stalled-cycles-frontend  
   <not supported>      stalled-cycles-backend   
   <not supported>      instructions             
   <not supported>      branches                 
   <not supported>      branch-misses            

       0.064033142 seconds time elapsed                                          ( +-  1.43% )


 Performance counter stats for './mandelbrot_omp 0.175 0.375 -0.1 0.1 1024' (10 runs):

       1752.340880      task-clock (msec)         #    7.191 CPUs utilized            ( +-  1.96% )
               158      context-switches          #    0.090 K/sec                    ( +-  2.41% )
                38      cpu-migrations            #    0.022 K/sec                    ( +-  2.70% )
                92      page-faults               #    0.053 K/sec                    ( +-  0.24% )
   <not supported>      cycles                   
   <not supported>      stalled-cycles-frontend  
   <not supported>      stalled-cycles-backend   
   <not supported>      instructions             
   <not supported>      branches                 
   <not supported>      branch-misses            

       0.243690783 seconds time elapsed                                          ( +-  1.93% )


 Performance counter stats for './mandelbrot_omp 0.175 0.375 -0.1 0.1 2048' (10 runs):

       7635.867951      task-clock (msec)         #    7.454 CPUs utilized            ( +-  1.08% )
               500      context-switches          #    0.066 K/sec                    ( +-  1.39% )
                55      cpu-migrations            #    0.007 K/sec                    ( +-  4.40% )
                92      page-faults               #    0.012 K/sec                    ( +-  0.35% )
   <not supported>      cycles                   
   <not supported>      stalled-cycles-frontend  
   <not supported>      stalled-cycles-backend   
   <not supported>      instructions             
   <not supported>      branches                 
   <not supported>      branch-misses            

       1.024456955 seconds time elapsed                                          ( +-  1.21% )


 Performance counter stats for './mandelbrot_omp 0.175 0.375 -0.1 0.1 4096' (10 runs):

      27860.601157      task-clock (msec)         #    7.497 CPUs utilized            ( +-  0.08% )
             1,864      context-switches          #    0.067 K/sec                    ( +-  0.37% )
               107      cpu-migrations            #    0.004 K/sec                    ( +-  4.29% )
                92      page-faults               #    0.003 K/sec                    ( +-  0.19% )
   <not supported>      cycles                   
   <not supported>      stalled-cycles-frontend  
   <not supported>      stalled-cycles-backend   
   <not supported>      instructions             
   <not supported>      branches                 
   <not supported>      branch-misses            

       3.716149730 seconds time elapsed                                          ( +-  0.11% )


 Performance counter stats for './mandelbrot_omp 0.175 0.375 -0.1 0.1 8192' (10 runs):

     114099.245513      task-clock (msec)         #    7.520 CPUs utilized            ( +-  1.41% )
             7,474      context-switches          #    0.066 K/sec                    ( +-  0.27% )
               284      cpu-migrations            #    0.002 K/sec                    ( +-  3.11% )
                92      page-faults               #    0.001 K/sec                    ( +-  0.36% )
   <not supported>      cycles                   
   <not supported>      stalled-cycles-frontend  
   <not supported>      stalled-cycles-backend   
   <not supported>      instructions             
   <not supported>      branches                 
   <not supported>      branch-misses            

      15.173111402 seconds time elapsed                                          ( +-  1.38% )

