
 Performance counter stats for './mandelbrot_omp 0.175 0.375 -0.1 0.1 16' (10 runs):

          1.026336      task-clock (msec)         #    0.881 CPUs utilized            ( +-  0.79% )
                 0      context-switches          #    0.000 K/sec                  
                 1      cpu-migrations            #    0.974 K/sec                  
                62      page-faults               #    0.061 M/sec                    ( +-  0.35% )
   <not supported>      cycles                   
   <not supported>      stalled-cycles-frontend  
   <not supported>      stalled-cycles-backend   
   <not supported>      instructions             
   <not supported>      branches                 
   <not supported>      branch-misses            

       0.001164322 seconds time elapsed                                          ( +-  1.11% )


 Performance counter stats for './mandelbrot_omp 0.175 0.375 -0.1 0.1 32' (10 runs):

          2.173059      task-clock (msec)         #    1.239 CPUs utilized            ( +-  1.18% )
                 0      context-switches          #    0.000 K/sec                  
                 1      cpu-migrations            #    0.460 K/sec                  
                62      page-faults               #    0.029 M/sec                    ( +-  0.49% )
   <not supported>      cycles                   
   <not supported>      stalled-cycles-frontend  
   <not supported>      stalled-cycles-backend   
   <not supported>      instructions             
   <not supported>      branches                 
   <not supported>      branch-misses            

       0.001754092 seconds time elapsed                                          ( +-  1.43% )


 Performance counter stats for './mandelbrot_omp 0.175 0.375 -0.1 0.1 64' (10 runs):

          6.386371      task-clock (msec)         #    1.638 CPUs utilized            ( +-  0.96% )
                 0      context-switches          #    0.000 K/sec                  
                 1      cpu-migrations            #    0.157 K/sec                  
                62      page-faults               #    0.010 M/sec                    ( +-  0.35% )
   <not supported>      cycles                   
   <not supported>      stalled-cycles-frontend  
   <not supported>      stalled-cycles-backend   
   <not supported>      instructions             
   <not supported>      branches                 
   <not supported>      branch-misses            

       0.003899861 seconds time elapsed                                          ( +-  1.59% )


 Performance counter stats for './mandelbrot_omp 0.175 0.375 -0.1 0.1 128' (10 runs):

         23.125503      task-clock (msec)         #    1.866 CPUs utilized            ( +-  0.47% )
                 0      context-switches          #    0.000 K/sec                  
                 1      cpu-migrations            #    0.043 K/sec                  
                62      page-faults               #    0.003 M/sec                    ( +-  0.47% )
   <not supported>      cycles                   
   <not supported>      stalled-cycles-frontend  
   <not supported>      stalled-cycles-backend   
   <not supported>      instructions             
   <not supported>      branches                 
   <not supported>      branch-misses            

       0.012396174 seconds time elapsed                                          ( +-  0.66% )


 Performance counter stats for './mandelbrot_omp 0.175 0.375 -0.1 0.1 256' (10 runs):

         89.686927      task-clock (msec)         #    1.964 CPUs utilized            ( +-  0.75% )
                 0      context-switches          #    0.002 K/sec                    ( +- 66.67% )
                 1      cpu-migrations            #    0.012 K/sec                    ( +-  9.09% )
                62      page-faults               #    0.692 K/sec                    ( +-  0.45% )
   <not supported>      cycles                   
   <not supported>      stalled-cycles-frontend  
   <not supported>      stalled-cycles-backend   
   <not supported>      instructions             
   <not supported>      branches                 
   <not supported>      branch-misses            

       0.045659574 seconds time elapsed                                          ( +-  0.78% )


 Performance counter stats for './mandelbrot_omp 0.175 0.375 -0.1 0.1 512' (10 runs):

        344.844570      task-clock (msec)         #    1.992 CPUs utilized            ( +-  0.06% )
                 1      context-switches          #    0.002 K/sec                    ( +- 55.28% )
                 1      cpu-migrations            #    0.003 K/sec                  
                62      page-faults               #    0.180 K/sec                    ( +-  0.21% )
   <not supported>      cycles                   
   <not supported>      stalled-cycles-frontend  
   <not supported>      stalled-cycles-backend   
   <not supported>      instructions             
   <not supported>      branches                 
   <not supported>      branch-misses            

       0.173105866 seconds time elapsed                                          ( +-  0.05% )


 Performance counter stats for './mandelbrot_omp 0.175 0.375 -0.1 0.1 1024' (10 runs):

       1374.960642      task-clock (msec)         #    1.998 CPUs utilized            ( +-  0.03% )
                 4      context-switches          #    0.003 K/sec                    ( +-  8.49% )
                 1      cpu-migrations            #    0.001 K/sec                  
                62      page-faults               #    0.045 K/sec                    ( +-  0.49% )
   <not supported>      cycles                   
   <not supported>      stalled-cycles-frontend  
   <not supported>      stalled-cycles-backend   
   <not supported>      instructions             
   <not supported>      branches                 
   <not supported>      branch-misses            

       0.688213672 seconds time elapsed                                          ( +-  0.03% )


 Performance counter stats for './mandelbrot_omp 0.175 0.375 -0.1 0.1 2048' (10 runs):

       5597.800550      task-clock (msec)         #    1.999 CPUs utilized            ( +-  0.48% )
                11      context-switches          #    0.002 K/sec                    ( +-  5.92% )
                 1      cpu-migrations            #    0.000 K/sec                    ( +-  9.09% )
                62      page-faults               #    0.011 K/sec                    ( +-  0.34% )
   <not supported>      cycles                   
   <not supported>      stalled-cycles-frontend  
   <not supported>      stalled-cycles-backend   
   <not supported>      instructions             
   <not supported>      branches                 
   <not supported>      branch-misses            

       2.799996921 seconds time elapsed                                          ( +-  0.48% )


 Performance counter stats for './mandelbrot_omp 0.175 0.375 -0.1 0.1 4096' (10 runs):

      22397.683315      task-clock (msec)         #    2.000 CPUs utilized            ( +-  1.29% )
                40      context-switches          #    0.002 K/sec                    ( +-  1.82% )
                 1      cpu-migrations            #    0.000 K/sec                  
                62      page-faults               #    0.003 K/sec                    ( +-  0.45% )
   <not supported>      cycles                   
   <not supported>      stalled-cycles-frontend  
   <not supported>      stalled-cycles-backend   
   <not supported>      instructions             
   <not supported>      branches                 
   <not supported>      branch-misses            

      11.200898987 seconds time elapsed                                          ( +-  1.29% )


 Performance counter stats for './mandelbrot_omp 0.175 0.375 -0.1 0.1 8192' (10 runs):

      88262.019255      task-clock (msec)         #    2.000 CPUs utilized            ( +-  0.10% )
               154      context-switches          #    0.002 K/sec                    ( +-  0.55% )
                 1      cpu-migrations            #    0.000 K/sec                    ( +-  9.09% )
                62      page-faults               #    0.001 K/sec                    ( +-  0.35% )
   <not supported>      cycles                   
   <not supported>      stalled-cycles-frontend  
   <not supported>      stalled-cycles-backend   
   <not supported>      instructions             
   <not supported>      branches                 
   <not supported>      branch-misses            

      44.136025734 seconds time elapsed                                          ( +-  0.10% )

