
 Performance counter stats for './mandelbrot_omp -2.5 1.5 -2.0 2.0 16' (10 runs):

         36.131034      task-clock (msec)         #    3.937 CPUs utilized            ( +- 17.17% )
                13      context-switches          #    0.365 K/sec                    ( +-  9.50% )
                 9      cpu-migrations            #    0.260 K/sec                    ( +-  5.06% )
                75      page-faults               #    0.002 M/sec                    ( +-  0.20% )
   <not supported>      cycles                   
   <not supported>      stalled-cycles-frontend  
   <not supported>      stalled-cycles-backend   
   <not supported>      instructions             
   <not supported>      branches                 
   <not supported>      branch-misses            

       0.009177393 seconds time elapsed                                          ( +- 12.21% )


 Performance counter stats for './mandelbrot_omp -2.5 1.5 -2.0 2.0 32' (10 runs):

         29.765480      task-clock (msec)         #    4.962 CPUs utilized            ( +-  6.51% )
                12      context-switches          #    0.413 K/sec                    ( +-  6.42% )
                 9      cpu-migrations            #    0.306 K/sec                    ( +-  5.04% )
                75      page-faults               #    0.003 M/sec                    ( +-  0.34% )
   <not supported>      cycles                   
   <not supported>      stalled-cycles-frontend  
   <not supported>      stalled-cycles-backend   
   <not supported>      instructions             
   <not supported>      branches                 
   <not supported>      branch-misses            

       0.005998996 seconds time elapsed                                          ( +-  5.30% )


 Performance counter stats for './mandelbrot_omp -2.5 1.5 -2.0 2.0 64' (10 runs):

         26.909584      task-clock (msec)         #    4.775 CPUs utilized            ( +-  0.68% )
                11      context-switches          #    0.424 K/sec                    ( +-  3.51% )
                 9      cpu-migrations            #    0.334 K/sec                    ( +-  6.63% )
                75      page-faults               #    0.003 M/sec                    ( +-  0.28% )
   <not supported>      cycles                   
   <not supported>      stalled-cycles-frontend  
   <not supported>      stalled-cycles-backend   
   <not supported>      instructions             
   <not supported>      branches                 
   <not supported>      branch-misses            

       0.005635503 seconds time elapsed                                          ( +-  0.75% )


 Performance counter stats for './mandelbrot_omp -2.5 1.5 -2.0 2.0 128' (10 runs):

         30.535173      task-clock (msec)         #    4.594 CPUs utilized            ( +-  2.78% )
                14      context-switches          #    0.445 K/sec                    ( +-  4.41% )
                 8      cpu-migrations            #    0.265 K/sec                    ( +-  7.46% )
                75      page-faults               #    0.002 M/sec                    ( +-  0.42% )
   <not supported>      cycles                   
   <not supported>      stalled-cycles-frontend  
   <not supported>      stalled-cycles-backend   
   <not supported>      instructions             
   <not supported>      branches                 
   <not supported>      branch-misses            

       0.006647020 seconds time elapsed                                          ( +-  4.51% )


 Performance counter stats for './mandelbrot_omp -2.5 1.5 -2.0 2.0 256' (10 runs):

         42.340228      task-clock (msec)         #    4.889 CPUs utilized            ( +-  0.74% )
                12      context-switches          #    0.288 K/sec                    ( +-  6.44% )
                10      cpu-migrations            #    0.234 K/sec                    ( +-  5.10% )
                75      page-faults               #    0.002 M/sec                    ( +-  0.37% )
   <not supported>      cycles                   
   <not supported>      stalled-cycles-frontend  
   <not supported>      stalled-cycles-backend   
   <not supported>      instructions             
   <not supported>      branches                 
   <not supported>      branch-misses            

       0.008660892 seconds time elapsed                                          ( +-  3.58% )


 Performance counter stats for './mandelbrot_omp -2.5 1.5 -2.0 2.0 512' (10 runs):

         93.874896      task-clock (msec)         #    5.590 CPUs utilized            ( +-  1.71% )
                14      context-switches          #    0.150 K/sec                    ( +-  7.43% )
                10      cpu-migrations            #    0.107 K/sec                    ( +-  5.16% )
                75      page-faults               #    0.803 K/sec                    ( +-  0.29% )
   <not supported>      cycles                   
   <not supported>      stalled-cycles-frontend  
   <not supported>      stalled-cycles-backend   
   <not supported>      instructions             
   <not supported>      branches                 
   <not supported>      branch-misses            

       0.016793588 seconds time elapsed                                          ( +-  1.85% )


 Performance counter stats for './mandelbrot_omp -2.5 1.5 -2.0 2.0 1024' (10 runs):

        316.178263      task-clock (msec)         #    6.322 CPUs utilized            ( +-  1.66% )
                24      context-switches          #    0.077 K/sec                    ( +-  5.33% )
                10      cpu-migrations            #    0.032 K/sec                    ( +-  3.45% )
                75      page-faults               #    0.238 K/sec                    ( +-  0.54% )
   <not supported>      cycles                   
   <not supported>      stalled-cycles-frontend  
   <not supported>      stalled-cycles-backend   
   <not supported>      instructions             
   <not supported>      branches                 
   <not supported>      branch-misses            

       0.050009049 seconds time elapsed                                          ( +-  1.68% )


 Performance counter stats for './mandelbrot_omp -2.5 1.5 -2.0 2.0 2048' (10 runs):

       1023.782361      task-clock (msec)         #    6.962 CPUs utilized            ( +-  0.45% )
                38      context-switches          #    0.037 K/sec                    ( +-  2.31% )
                10      cpu-migrations            #    0.009 K/sec                    ( +-  2.83% )
                75      page-faults               #    0.073 K/sec                    ( +-  0.33% )
   <not supported>      cycles                   
   <not supported>      stalled-cycles-frontend  
   <not supported>      stalled-cycles-backend   
   <not supported>      instructions             
   <not supported>      branches                 
   <not supported>      branch-misses            

       0.147051305 seconds time elapsed                                          ( +-  0.48% )


 Performance counter stats for './mandelbrot_omp -2.5 1.5 -2.0 2.0 4096' (10 runs):

       4112.501984      task-clock (msec)         #    7.016 CPUs utilized            ( +-  1.04% )
                76      context-switches          #    0.018 K/sec                    ( +-  3.91% )
                12      cpu-migrations            #    0.003 K/sec                    ( +-  5.57% )
                76      page-faults               #    0.018 K/sec                    ( +-  0.30% )
   <not supported>      cycles                   
   <not supported>      stalled-cycles-frontend  
   <not supported>      stalled-cycles-backend   
   <not supported>      instructions             
   <not supported>      branches                 
   <not supported>      branch-misses            

       0.586186290 seconds time elapsed                                          ( +-  1.14% )


 Performance counter stats for './mandelbrot_omp -2.5 1.5 -2.0 2.0 8192' (10 runs):

      16079.566597      task-clock (msec)         #    7.096 CPUs utilized            ( +-  0.39% )
               189      context-switches          #    0.012 K/sec                    ( +-  2.47% )
                34      cpu-migrations            #    0.002 K/sec                    ( +-  4.57% )
                75      page-faults               #    0.005 K/sec                    ( +-  0.49% )
   <not supported>      cycles                   
   <not supported>      stalled-cycles-frontend  
   <not supported>      stalled-cycles-backend   
   <not supported>      instructions             
   <not supported>      branches                 
   <not supported>      branch-misses            

       2.266114992 seconds time elapsed                                          ( +-  0.43% )

