
 Performance counter stats for './mandelbrot_omp -2.5 1.5 -2.0 2.0 16' (10 runs):

          0.662862      task-clock (msec)         #    0.700 CPUs utilized            ( +-  3.68% )
                 0      context-switches          #    0.151 K/sec                    ( +-100.00% )
                 1      cpu-migrations            #    0.002 M/sec                  
                62      page-faults               #    0.093 M/sec                    ( +-  0.29% )
   <not supported>      cycles                   
   <not supported>      stalled-cycles-frontend  
   <not supported>      stalled-cycles-backend   
   <not supported>      instructions             
   <not supported>      branches                 
   <not supported>      branch-misses            

       0.000946555 seconds time elapsed                                          ( +-  3.52% )


 Performance counter stats for './mandelbrot_omp -2.5 1.5 -2.0 2.0 32' (10 runs):

          0.866334      task-clock (msec)         #    0.813 CPUs utilized            ( +-  2.31% )
                 0      context-switches          #    0.000 K/sec                  
                 1      cpu-migrations            #    0.001 M/sec                  
                62      page-faults               #    0.072 M/sec                    ( +-  0.16% )
   <not supported>      cycles                   
   <not supported>      stalled-cycles-frontend  
   <not supported>      stalled-cycles-backend   
   <not supported>      instructions             
   <not supported>      branches                 
   <not supported>      branch-misses            

       0.001065498 seconds time elapsed                                          ( +-  2.36% )


 Performance counter stats for './mandelbrot_omp -2.5 1.5 -2.0 2.0 64' (10 runs):

          1.461507      task-clock (msec)         #    1.099 CPUs utilized            ( +-  2.45% )
                 0      context-switches          #    0.000 K/sec                  
                 1      cpu-migrations            #    0.684 K/sec                  
                62      page-faults               #    0.042 M/sec                    ( +-  0.49% )
   <not supported>      cycles                   
   <not supported>      stalled-cycles-frontend  
   <not supported>      stalled-cycles-backend   
   <not supported>      instructions             
   <not supported>      branches                 
   <not supported>      branch-misses            

       0.001330080 seconds time elapsed                                          ( +-  3.43% )


 Performance counter stats for './mandelbrot_omp -2.5 1.5 -2.0 2.0 128' (10 runs):

          4.039055      task-clock (msec)         #    1.437 CPUs utilized            ( +-  1.35% )
                 0      context-switches          #    0.000 K/sec                  
                 1      cpu-migrations            #    0.248 K/sec                  
                63      page-faults               #    0.016 M/sec                    ( +-  0.24% )
   <not supported>      cycles                   
   <not supported>      stalled-cycles-frontend  
   <not supported>      stalled-cycles-backend   
   <not supported>      instructions             
   <not supported>      branches                 
   <not supported>      branch-misses            

       0.002810850 seconds time elapsed                                          ( +-  4.46% )


 Performance counter stats for './mandelbrot_omp -2.5 1.5 -2.0 2.0 256' (10 runs):

         13.519974      task-clock (msec)         #    1.803 CPUs utilized            ( +-  0.33% )
                 0      context-switches          #    0.000 K/sec                  
                 1      cpu-migrations            #    0.074 K/sec                  
                62      page-faults               #    0.005 M/sec                    ( +-  0.48% )
   <not supported>      cycles                   
   <not supported>      stalled-cycles-frontend  
   <not supported>      stalled-cycles-backend   
   <not supported>      instructions             
   <not supported>      branches                 
   <not supported>      branch-misses            

       0.007497065 seconds time elapsed                                          ( +-  0.49% )


 Performance counter stats for './mandelbrot_omp -2.5 1.5 -2.0 2.0 512' (10 runs):

         53.143862      task-clock (msec)         #    1.935 CPUs utilized            ( +-  1.00% )
                 0      context-switches          #    0.000 K/sec                  
                 1      cpu-migrations            #    0.019 K/sec                  
                61      page-faults               #    0.001 M/sec                    ( +-  0.50% )
   <not supported>      cycles                   
   <not supported>      stalled-cycles-frontend  
   <not supported>      stalled-cycles-backend   
   <not supported>      instructions             
   <not supported>      branches                 
   <not supported>      branch-misses            

       0.027465055 seconds time elapsed                                          ( +-  1.07% )


 Performance counter stats for './mandelbrot_omp -2.5 1.5 -2.0 2.0 1024' (10 runs):

        197.991699      task-clock (msec)         #    1.986 CPUs utilized            ( +-  0.04% )
                 0      context-switches          #    0.003 K/sec                    ( +- 61.46% )
                 1      cpu-migrations            #    0.005 K/sec                  
                62      page-faults               #    0.313 K/sec                    ( +-  0.61% )
   <not supported>      cycles                   
   <not supported>      stalled-cycles-frontend  
   <not supported>      stalled-cycles-backend   
   <not supported>      instructions             
   <not supported>      branches                 
   <not supported>      branch-misses            

       0.099682913 seconds time elapsed                                          ( +-  0.04% )


 Performance counter stats for './mandelbrot_omp -2.5 1.5 -2.0 2.0 2048' (10 runs):

        788.621909      task-clock (msec)         #    1.997 CPUs utilized            ( +-  0.04% )
                 2      context-switches          #    0.002 K/sec                    ( +- 30.44% )
                 1      cpu-migrations            #    0.001 K/sec                  
                62      page-faults               #    0.079 K/sec                    ( +-  0.35% )
   <not supported>      cycles                   
   <not supported>      stalled-cycles-frontend  
   <not supported>      stalled-cycles-backend   
   <not supported>      instructions             
   <not supported>      branches                 
   <not supported>      branch-misses            

       0.394996875 seconds time elapsed                                          ( +-  0.04% )


 Performance counter stats for './mandelbrot_omp -2.5 1.5 -2.0 2.0 4096' (10 runs):

       3142.494779      task-clock (msec)         #    1.999 CPUs utilized            ( +-  0.01% )
                 6      context-switches          #    0.002 K/sec                    ( +- 10.60% )
                 1      cpu-migrations            #    0.000 K/sec                  
                62      page-faults               #    0.020 K/sec                    ( +-  0.51% )
   <not supported>      cycles                   
   <not supported>      stalled-cycles-frontend  
   <not supported>      stalled-cycles-backend   
   <not supported>      instructions             
   <not supported>      branches                 
   <not supported>      branch-misses            

       1.571899192 seconds time elapsed                                          ( +-  0.01% )


 Performance counter stats for './mandelbrot_omp -2.5 1.5 -2.0 2.0 8192' (10 runs):

      12707.954669      task-clock (msec)         #    2.000 CPUs utilized            ( +-  0.50% )
                23      context-switches          #    0.002 K/sec                    ( +-  1.32% )
                 1      cpu-migrations            #    0.000 K/sec                  
                62      page-faults               #    0.005 K/sec                    ( +-  0.42% )
   <not supported>      cycles                   
   <not supported>      stalled-cycles-frontend  
   <not supported>      stalled-cycles-backend   
   <not supported>      instructions             
   <not supported>      branches                 
   <not supported>      branch-misses            

       6.354903776 seconds time elapsed                                          ( +-  0.50% )

