
 Performance counter stats for './mandelbrot_omp -2.5 1.5 -2.0 2.0 16' (10 runs):

          0.865052      task-clock (msec)         #    0.906 CPUs utilized            ( +-  5.54% )
                 0      context-switches          #    0.000 K/sec                  
                 3      cpu-migrations            #    0.004 M/sec                    ( +-  3.23% )
                66      page-faults               #    0.077 M/sec                    ( +-  0.30% )
   <not supported>      cycles                   
   <not supported>      stalled-cycles-frontend  
   <not supported>      stalled-cycles-backend   
   <not supported>      instructions             
   <not supported>      branches                 
   <not supported>      branch-misses            

       0.000954757 seconds time elapsed                                          ( +-  4.60% )


 Performance counter stats for './mandelbrot_omp -2.5 1.5 -2.0 2.0 32' (10 runs):

          0.973982      task-clock (msec)         #    0.971 CPUs utilized            ( +-  5.36% )
                 0      context-switches          #    0.000 K/sec                  
                 3      cpu-migrations            #    0.003 M/sec                  
                66      page-faults               #    0.067 M/sec                    ( +-  0.52% )
   <not supported>      cycles                   
   <not supported>      stalled-cycles-frontend  
   <not supported>      stalled-cycles-backend   
   <not supported>      instructions             
   <not supported>      branches                 
   <not supported>      branch-misses            

       0.001003148 seconds time elapsed                                          ( +- 10.96% )


 Performance counter stats for './mandelbrot_omp -2.5 1.5 -2.0 2.0 64' (10 runs):

          1.545419      task-clock (msec)         #    1.551 CPUs utilized            ( +-  1.52% )
                 0      context-switches          #    0.000 K/sec                  
                 3      cpu-migrations            #    0.002 M/sec                  
                66      page-faults               #    0.043 M/sec                    ( +-  0.30% )
   <not supported>      cycles                   
   <not supported>      stalled-cycles-frontend  
   <not supported>      stalled-cycles-backend   
   <not supported>      instructions             
   <not supported>      branches                 
   <not supported>      branch-misses            

       0.000996621 seconds time elapsed                                          ( +-  1.50% )


 Performance counter stats for './mandelbrot_omp -2.5 1.5 -2.0 2.0 128' (10 runs):

          3.875227      task-clock (msec)         #    2.468 CPUs utilized            ( +-  1.27% )
                 0      context-switches          #    0.000 K/sec                  
                 3      cpu-migrations            #    0.774 K/sec                  
                66      page-faults               #    0.017 M/sec                    ( +-  0.25% )
   <not supported>      cycles                   
   <not supported>      stalled-cycles-frontend  
   <not supported>      stalled-cycles-backend   
   <not supported>      instructions             
   <not supported>      branches                 
   <not supported>      branch-misses            

       0.001569992 seconds time elapsed                                          ( +-  1.28% )


 Performance counter stats for './mandelbrot_omp -2.5 1.5 -2.0 2.0 256' (10 runs):

         13.316860      task-clock (msec)         #    3.360 CPUs utilized            ( +-  0.14% )
                 0      context-switches          #    0.023 K/sec                    ( +- 50.92% )
                 3      cpu-migrations            #    0.225 K/sec                  
                66      page-faults               #    0.005 M/sec                    ( +-  0.45% )
   <not supported>      cycles                   
   <not supported>      stalled-cycles-frontend  
   <not supported>      stalled-cycles-backend   
   <not supported>      instructions             
   <not supported>      branches                 
   <not supported>      branch-misses            

       0.003963088 seconds time elapsed                                          ( +-  0.29% )


 Performance counter stats for './mandelbrot_omp -2.5 1.5 -2.0 2.0 512' (10 runs):

         51.774270      task-clock (msec)         #    3.772 CPUs utilized            ( +-  0.41% )
                 1      context-switches          #    0.019 K/sec                    ( +- 36.51% )
                 3      cpu-migrations            #    0.058 K/sec                  
                66      page-faults               #    0.001 M/sec                    ( +-  0.53% )
   <not supported>      cycles                   
   <not supported>      stalled-cycles-frontend  
   <not supported>      stalled-cycles-backend   
   <not supported>      instructions             
   <not supported>      branches                 
   <not supported>      branch-misses            

       0.013727504 seconds time elapsed                                          ( +-  0.48% )


 Performance counter stats for './mandelbrot_omp -2.5 1.5 -2.0 2.0 1024' (10 runs):

        227.225134      task-clock (msec)         #    3.926 CPUs utilized            ( +-  1.96% )
                10      context-switches          #    0.042 K/sec                    ( +- 10.67% )
                 3      cpu-migrations            #    0.014 K/sec                    ( +-  3.23% )
                66      page-faults               #    0.290 K/sec                    ( +-  0.45% )
   <not supported>      cycles                   
   <not supported>      stalled-cycles-frontend  
   <not supported>      stalled-cycles-backend   
   <not supported>      instructions             
   <not supported>      branches                 
   <not supported>      branch-misses            

       0.057881184 seconds time elapsed                                          ( +-  2.04% )


 Performance counter stats for './mandelbrot_omp -2.5 1.5 -2.0 2.0 2048' (10 runs):

        951.003724      task-clock (msec)         #    3.984 CPUs utilized            ( +-  0.87% )
                12      context-switches          #    0.013 K/sec                    ( +- 10.85% )
                 3      cpu-migrations            #    0.003 K/sec                  
                66      page-faults               #    0.069 K/sec                    ( +-  0.23% )
   <not supported>      cycles                   
   <not supported>      stalled-cycles-frontend  
   <not supported>      stalled-cycles-backend   
   <not supported>      instructions             
   <not supported>      branches                 
   <not supported>      branch-misses            

       0.238704593 seconds time elapsed                                          ( +-  0.87% )


 Performance counter stats for './mandelbrot_omp -2.5 1.5 -2.0 2.0 4096' (10 runs):

       3592.230277      task-clock (msec)         #    3.990 CPUs utilized            ( +-  1.92% )
                13      context-switches          #    0.004 K/sec                    ( +- 12.35% )
                 4      cpu-migrations            #    0.001 K/sec                    ( +-  6.39% )
                66      page-faults               #    0.018 K/sec                    ( +-  0.38% )
   <not supported>      cycles                   
   <not supported>      stalled-cycles-frontend  
   <not supported>      stalled-cycles-backend   
   <not supported>      instructions             
   <not supported>      branches                 
   <not supported>      branch-misses            

       0.900358473 seconds time elapsed                                          ( +-  1.96% )


 Performance counter stats for './mandelbrot_omp -2.5 1.5 -2.0 2.0 8192' (10 runs):

      14873.328382      task-clock (msec)         #    3.999 CPUs utilized            ( +-  1.46% )
                42      context-switches          #    0.003 K/sec                    ( +-  5.79% )
                 4      cpu-migrations            #    0.000 K/sec                    ( +-  8.11% )
                66      page-faults               #    0.004 K/sec                    ( +-  0.52% )
   <not supported>      cycles                   
   <not supported>      stalled-cycles-frontend  
   <not supported>      stalled-cycles-backend   
   <not supported>      instructions             
   <not supported>      branches                 
   <not supported>      branch-misses            

       3.719539921 seconds time elapsed                                          ( +-  1.47% )

