
 Performance counter stats for './mandelbrot_omp -0.8 -0.7 0.05 0.15 16' (10 runs):

         28.822008      task-clock (msec)         #    3.548 CPUs utilized            ( +-  5.59% )
                13      context-switches          #    0.451 K/sec                    ( +-  7.43% )
                10      cpu-migrations            #    0.330 K/sec                    ( +-  3.60% )
                75      page-faults               #    0.003 M/sec                    ( +-  0.43% )
   <not supported>      cycles                   
   <not supported>      stalled-cycles-frontend  
   <not supported>      stalled-cycles-backend   
   <not supported>      instructions             
   <not supported>      branches                 
   <not supported>      branch-misses            

       0.008124052 seconds time elapsed                                          ( +- 15.51% )


 Performance counter stats for './mandelbrot_omp -0.8 -0.7 0.05 0.15 32' (10 runs):

         31.501544      task-clock (msec)         #    4.830 CPUs utilized            ( +-  6.20% )
                14      context-switches          #    0.441 K/sec                    ( +-  7.31% )
                 8      cpu-migrations            #    0.270 K/sec                    ( +-  5.88% )
                75      page-faults               #    0.002 M/sec                    ( +-  0.52% )
   <not supported>      cycles                   
   <not supported>      stalled-cycles-frontend  
   <not supported>      stalled-cycles-backend   
   <not supported>      instructions             
   <not supported>      branches                 
   <not supported>      branch-misses            

       0.006521822 seconds time elapsed                                          ( +-  7.33% )


 Performance counter stats for './mandelbrot_omp -0.8 -0.7 0.05 0.15 64' (10 runs):

         36.597509      task-clock (msec)         #    4.859 CPUs utilized            ( +-  4.98% )
                13      context-switches          #    0.363 K/sec                    ( +-  7.44% )
                10      cpu-migrations            #    0.276 K/sec                    ( +-  4.77% )
                75      page-faults               #    0.002 M/sec                    ( +-  0.39% )
   <not supported>      cycles                   
   <not supported>      stalled-cycles-frontend  
   <not supported>      stalled-cycles-backend   
   <not supported>      instructions             
   <not supported>      branches                 
   <not supported>      branch-misses            

       0.007531718 seconds time elapsed                                          ( +-  6.41% )


 Performance counter stats for './mandelbrot_omp -0.8 -0.7 0.05 0.15 128' (10 runs):

         53.731617      task-clock (msec)         #    4.958 CPUs utilized            ( +-  2.87% )
                13      context-switches          #    0.244 K/sec                    ( +-  6.87% )
                 9      cpu-migrations            #    0.167 K/sec                    ( +-  4.97% )
                75      page-faults               #    0.001 M/sec                    ( +-  0.37% )
   <not supported>      cycles                   
   <not supported>      stalled-cycles-frontend  
   <not supported>      stalled-cycles-backend   
   <not supported>      instructions             
   <not supported>      branches                 
   <not supported>      branch-misses            

       0.010836436 seconds time elapsed                                          ( +-  2.77% )


 Performance counter stats for './mandelbrot_omp -0.8 -0.7 0.05 0.15 256' (10 runs):

        144.980577      task-clock (msec)         #    5.860 CPUs utilized            ( +-  0.96% )
                18      context-switches          #    0.122 K/sec                    ( +-  7.00% )
                10      cpu-migrations            #    0.069 K/sec                    ( +-  4.71% )
                74      page-faults               #    0.513 K/sec                    ( +-  0.64% )
   <not supported>      cycles                   
   <not supported>      stalled-cycles-frontend  
   <not supported>      stalled-cycles-backend   
   <not supported>      instructions             
   <not supported>      branches                 
   <not supported>      branch-misses            

       0.024740286 seconds time elapsed                                          ( +-  0.96% )


 Performance counter stats for './mandelbrot_omp -0.8 -0.7 0.05 0.15 512' (10 runs):

        563.716897      task-clock (msec)         #    6.694 CPUs utilized            ( +-  0.70% )
                38      context-switches          #    0.067 K/sec                    ( +-  2.65% )
                10      cpu-migrations            #    0.018 K/sec                    ( +-  6.34% )
                75      page-faults               #    0.133 K/sec                    ( +-  0.49% )
   <not supported>      cycles                   
   <not supported>      stalled-cycles-frontend  
   <not supported>      stalled-cycles-backend   
   <not supported>      instructions             
   <not supported>      branches                 
   <not supported>      branch-misses            

       0.084206811 seconds time elapsed                                          ( +-  0.78% )


 Performance counter stats for './mandelbrot_omp -0.8 -0.7 0.05 0.15 1024' (10 runs):

       2120.894125      task-clock (msec)         #    6.917 CPUs utilized            ( +-  0.61% )
                57      context-switches          #    0.027 K/sec                    ( +-  4.50% )
                13      cpu-migrations            #    0.006 K/sec                    ( +-  4.62% )
                75      page-faults               #    0.036 K/sec                    ( +-  0.29% )
   <not supported>      cycles                   
   <not supported>      stalled-cycles-frontend  
   <not supported>      stalled-cycles-backend   
   <not supported>      instructions             
   <not supported>      branches                 
   <not supported>      branch-misses            

       0.306637791 seconds time elapsed                                          ( +-  0.61% )


 Performance counter stats for './mandelbrot_omp -0.8 -0.7 0.05 0.15 2048' (10 runs):

       7243.295641      task-clock (msec)         #    6.998 CPUs utilized            ( +-  1.24% )
               112      context-switches          #    0.015 K/sec                    ( +-  3.19% )
                20      cpu-migrations            #    0.003 K/sec                    ( +-  7.34% )
                75      page-faults               #    0.010 K/sec                    ( +-  0.48% )
   <not supported>      cycles                   
   <not supported>      stalled-cycles-frontend  
   <not supported>      stalled-cycles-backend   
   <not supported>      instructions             
   <not supported>      branches                 
   <not supported>      branch-misses            

       1.034990453 seconds time elapsed                                          ( +-  1.21% )


 Performance counter stats for './mandelbrot_omp -0.8 -0.7 0.05 0.15 4096' (10 runs):

      29687.717516      task-clock (msec)         #    7.083 CPUs utilized            ( +-  1.58% )
               337      context-switches          #    0.011 K/sec                    ( +-  1.88% )
                58      cpu-migrations            #    0.002 K/sec                    ( +-  4.09% )
                75      page-faults               #    0.003 K/sec                    ( +-  0.34% )
   <not supported>      cycles                   
   <not supported>      stalled-cycles-frontend  
   <not supported>      stalled-cycles-backend   
   <not supported>      instructions             
   <not supported>      branches                 
   <not supported>      branch-misses            

       4.191288515 seconds time elapsed                                          ( +-  1.52% )


 Performance counter stats for './mandelbrot_omp -0.8 -0.7 0.05 0.15 8192' (10 runs):

     114300.902970      task-clock (msec)         #    7.093 CPUs utilized            ( +-  0.14% )
             1,234      context-switches          #    0.011 K/sec                    ( +-  1.07% )
               193      cpu-migrations            #    0.002 K/sec                    ( +-  2.12% )
                76      page-faults               #    0.001 K/sec                    ( +-  0.74% )
   <not supported>      cycles                   
   <not supported>      stalled-cycles-frontend  
   <not supported>      stalled-cycles-backend   
   <not supported>      instructions             
   <not supported>      branches                 
   <not supported>      branch-misses            

      16.115582380 seconds time elapsed                                          ( +-  0.14% )

