
 Performance counter stats for './mandelbrot_omp -0.188 -0.012 0.554 0.754 16' (10 runs):

          1.087646      task-clock (msec)         #    0.927 CPUs utilized            ( +-  3.05% )
                 0      context-switches          #    0.000 K/sec                  
                 1      cpu-migrations            #    0.919 K/sec                  
                62      page-faults               #    0.057 M/sec                    ( +-  0.61% )
   <not supported>      cycles                   
   <not supported>      stalled-cycles-frontend  
   <not supported>      stalled-cycles-backend   
   <not supported>      instructions             
   <not supported>      branches                 
   <not supported>      branch-misses            

       0.001173691 seconds time elapsed                                          ( +-  3.64% )


 Performance counter stats for './mandelbrot_omp -0.188 -0.012 0.554 0.754 32' (10 runs):

          2.355838      task-clock (msec)         #    1.298 CPUs utilized            ( +-  1.90% )
                 0      context-switches          #    0.000 K/sec                  
                 1      cpu-migrations            #    0.424 K/sec                  
                62      page-faults               #    0.026 M/sec                    ( +-  0.45% )
   <not supported>      cycles                   
   <not supported>      stalled-cycles-frontend  
   <not supported>      stalled-cycles-backend   
   <not supported>      instructions             
   <not supported>      branches                 
   <not supported>      branch-misses            

       0.001815553 seconds time elapsed                                          ( +-  2.53% )


 Performance counter stats for './mandelbrot_omp -0.188 -0.012 0.554 0.754 64' (10 runs):

          7.698900      task-clock (msec)         #    1.704 CPUs utilized            ( +-  0.68% )
                 0      context-switches          #    0.000 K/sec                  
                 1      cpu-migrations            #    0.130 K/sec                  
                62      page-faults               #    0.008 M/sec                    ( +-  0.40% )
   <not supported>      cycles                   
   <not supported>      stalled-cycles-frontend  
   <not supported>      stalled-cycles-backend   
   <not supported>      instructions             
   <not supported>      branches                 
   <not supported>      branch-misses            

       0.004517145 seconds time elapsed                                          ( +-  0.93% )


 Performance counter stats for './mandelbrot_omp -0.188 -0.012 0.554 0.754 128' (10 runs):

         27.850379      task-clock (msec)         #    1.885 CPUs utilized            ( +-  0.55% )
                 0      context-switches          #    0.000 K/sec                  
                 1      cpu-migrations            #    0.036 K/sec                  
                62      page-faults               #    0.002 M/sec                    ( +-  0.45% )
   <not supported>      cycles                   
   <not supported>      stalled-cycles-frontend  
   <not supported>      stalled-cycles-backend   
   <not supported>      instructions             
   <not supported>      branches                 
   <not supported>      branch-misses            

       0.014778251 seconds time elapsed                                          ( +-  0.63% )


 Performance counter stats for './mandelbrot_omp -0.188 -0.012 0.554 0.754 256' (10 runs):

        107.371527      task-clock (msec)         #    1.970 CPUs utilized            ( +-  0.70% )
                 0      context-switches          #    0.005 K/sec                    ( +- 44.72% )
                 1      cpu-migrations            #    0.009 K/sec                  
                62      page-faults               #    0.581 K/sec                    ( +-  0.35% )
   <not supported>      cycles                   
   <not supported>      stalled-cycles-frontend  
   <not supported>      stalled-cycles-backend   
   <not supported>      instructions             
   <not supported>      branches                 
   <not supported>      branch-misses            

       0.054513524 seconds time elapsed                                          ( +-  0.75% )


 Performance counter stats for './mandelbrot_omp -0.188 -0.012 0.554 0.754 512' (10 runs):

        416.955551      task-clock (msec)         #    1.993 CPUs utilized            ( +-  0.21% )
                 1      context-switches          #    0.003 K/sec                    ( +- 36.85% )
                 1      cpu-migrations            #    0.002 K/sec                  
                63      page-faults               #    0.150 K/sec                    ( +-  0.26% )
   <not supported>      cycles                   
   <not supported>      stalled-cycles-frontend  
   <not supported>      stalled-cycles-backend   
   <not supported>      instructions             
   <not supported>      branches                 
   <not supported>      branch-misses            

       0.209164473 seconds time elapsed                                          ( +-  0.21% )


 Performance counter stats for './mandelbrot_omp -0.188 -0.012 0.554 0.754 1024' (10 runs):

       1674.146754      task-clock (msec)         #    1.998 CPUs utilized            ( +-  0.20% )
                 4      context-switches          #    0.003 K/sec                    ( +- 12.70% )
                 1      cpu-migrations            #    0.001 K/sec                  
                62      page-faults               #    0.037 K/sec                    ( +-  0.51% )
   <not supported>      cycles                   
   <not supported>      stalled-cycles-frontend  
   <not supported>      stalled-cycles-backend   
   <not supported>      instructions             
   <not supported>      branches                 
   <not supported>      branch-misses            

       0.837890898 seconds time elapsed                                          ( +-  0.20% )


 Performance counter stats for './mandelbrot_omp -0.188 -0.012 0.554 0.754 2048' (10 runs):

       6637.103864      task-clock (msec)         #    1.999 CPUs utilized            ( +-  0.02% )
                13      context-switches          #    0.002 K/sec                    ( +-  4.33% )
                 1      cpu-migrations            #    0.000 K/sec                    ( +-  9.09% )
                62      page-faults               #    0.009 K/sec                    ( +-  0.47% )
   <not supported>      cycles                   
   <not supported>      stalled-cycles-frontend  
   <not supported>      stalled-cycles-backend   
   <not supported>      instructions             
   <not supported>      branches                 
   <not supported>      branch-misses            

       3.319412105 seconds time elapsed                                          ( +-  0.02% )


 Performance counter stats for './mandelbrot_omp -0.188 -0.012 0.554 0.754 4096' (10 runs):

      27350.366588      task-clock (msec)         #    2.000 CPUs utilized            ( +-  1.24% )
                48      context-switches          #    0.002 K/sec                    ( +-  2.09% )
                 1      cpu-migrations            #    0.000 K/sec                  
                62      page-faults               #    0.002 K/sec                    ( +-  0.34% )
   <not supported>      cycles                   
   <not supported>      stalled-cycles-frontend  
   <not supported>      stalled-cycles-backend   
   <not supported>      instructions             
   <not supported>      branches                 
   <not supported>      branch-misses            

      13.677177502 seconds time elapsed                                          ( +-  1.24% )


 Performance counter stats for './mandelbrot_omp -0.188 -0.012 0.554 0.754 8192' (10 runs):

     106693.001825      task-clock (msec)         #    2.000 CPUs utilized            ( +-  0.11% )
               184      context-switches          #    0.002 K/sec                    ( +-  0.69% )
                 1      cpu-migrations            #    0.000 K/sec                    ( +-  9.09% )
                62      page-faults               #    0.001 K/sec                    ( +-  0.25% )
   <not supported>      cycles                   
   <not supported>      stalled-cycles-frontend  
   <not supported>      stalled-cycles-backend   
   <not supported>      instructions             
   <not supported>      branches                 
   <not supported>      branch-misses            

      53.349997335 seconds time elapsed                                          ( +-  0.11% )

