
 Performance counter stats for './mandelbrot_omp -0.188 -0.012 0.554 0.754 16' (10 runs):

         29.211395      task-clock (msec)         #    3.929 CPUs utilized            ( +-  6.98% )
                13      context-switches          #    0.435 K/sec                    ( +-  7.24% )
                 8      cpu-migrations            #    0.274 K/sec                    ( +-  4.17% )
                76      page-faults               #    0.003 M/sec                    ( +-  0.29% )
   <not supported>      cycles                   
   <not supported>      stalled-cycles-frontend  
   <not supported>      stalled-cycles-backend   
   <not supported>      instructions             
   <not supported>      branches                 
   <not supported>      branch-misses            

       0.007434596 seconds time elapsed                                          ( +- 23.00% )


 Performance counter stats for './mandelbrot_omp -0.188 -0.012 0.554 0.754 32' (10 runs):

         30.176801      task-clock (msec)         #    4.945 CPUs utilized            ( +-  5.05% )
                12      context-switches          #    0.414 K/sec                    ( +-  6.23% )
                 8      cpu-migrations            #    0.282 K/sec                    ( +-  6.14% )
                76      page-faults               #    0.003 M/sec                    ( +-  0.22% )
   <not supported>      cycles                   
   <not supported>      stalled-cycles-frontend  
   <not supported>      stalled-cycles-backend   
   <not supported>      instructions             
   <not supported>      branches                 
   <not supported>      branch-misses            

       0.006102840 seconds time elapsed                                          ( +-  4.70% )


 Performance counter stats for './mandelbrot_omp -0.188 -0.012 0.554 0.754 64' (10 runs):

         37.445639      task-clock (msec)         #    4.891 CPUs utilized            ( +-  4.78% )
                14      context-switches          #    0.369 K/sec                    ( +-  8.89% )
                10      cpu-migrations            #    0.256 K/sec                    ( +-  6.25% )
                75      page-faults               #    0.002 M/sec                    ( +-  0.37% )
   <not supported>      cycles                   
   <not supported>      stalled-cycles-frontend  
   <not supported>      stalled-cycles-backend   
   <not supported>      instructions             
   <not supported>      branches                 
   <not supported>      branch-misses            

       0.007656154 seconds time elapsed                                          ( +-  4.76% )


 Performance counter stats for './mandelbrot_omp -0.188 -0.012 0.554 0.754 128' (10 runs):

         62.624490      task-clock (msec)         #    5.152 CPUs utilized            ( +-  3.45% )
                15      context-switches          #    0.241 K/sec                    ( +-  6.43% )
                 9      cpu-migrations            #    0.149 K/sec                    ( +-  4.26% )
                75      page-faults               #    0.001 M/sec                    ( +-  0.37% )
   <not supported>      cycles                   
   <not supported>      stalled-cycles-frontend  
   <not supported>      stalled-cycles-backend   
   <not supported>      instructions             
   <not supported>      branches                 
   <not supported>      branch-misses            

       0.012155704 seconds time elapsed                                          ( +-  2.68% )


 Performance counter stats for './mandelbrot_omp -0.188 -0.012 0.554 0.754 256' (10 runs):

        163.029939      task-clock (msec)         #    6.090 CPUs utilized            ( +-  1.49% )
                17      context-switches          #    0.104 K/sec                    ( +-  5.95% )
                10      cpu-migrations            #    0.062 K/sec                    ( +-  3.45% )
                75      page-faults               #    0.462 K/sec                    ( +-  0.40% )
   <not supported>      cycles                   
   <not supported>      stalled-cycles-frontend  
   <not supported>      stalled-cycles-backend   
   <not supported>      instructions             
   <not supported>      branches                 
   <not supported>      branch-misses            

       0.026769482 seconds time elapsed                                          ( +-  1.78% )


 Performance counter stats for './mandelbrot_omp -0.188 -0.012 0.554 0.754 512' (10 runs):

        635.433351      task-clock (msec)         #    6.740 CPUs utilized            ( +-  0.54% )
                37      context-switches          #    0.058 K/sec                    ( +-  5.99% )
                 9      cpu-migrations            #    0.014 K/sec                    ( +-  5.74% )
                75      page-faults               #    0.118 K/sec                    ( +-  0.31% )
   <not supported>      cycles                   
   <not supported>      stalled-cycles-frontend  
   <not supported>      stalled-cycles-backend   
   <not supported>      instructions             
   <not supported>      branches                 
   <not supported>      branch-misses            

       0.094281326 seconds time elapsed                                          ( +-  0.65% )


 Performance counter stats for './mandelbrot_omp -0.188 -0.012 0.554 0.754 1024' (10 runs):

       2109.827583      task-clock (msec)         #    6.977 CPUs utilized            ( +-  1.58% )
                49      context-switches          #    0.023 K/sec                    ( +-  5.58% )
                12      cpu-migrations            #    0.006 K/sec                    ( +-  6.54% )
                75      page-faults               #    0.036 K/sec                    ( +-  0.27% )
   <not supported>      cycles                   
   <not supported>      stalled-cycles-frontend  
   <not supported>      stalled-cycles-backend   
   <not supported>      instructions             
   <not supported>      branches                 
   <not supported>      branch-misses            

       0.302385573 seconds time elapsed                                          ( +-  1.70% )


 Performance counter stats for './mandelbrot_omp -0.188 -0.012 0.554 0.754 2048' (10 runs):

       8207.079995      task-clock (msec)         #    7.088 CPUs utilized            ( +-  0.97% )
               112      context-switches          #    0.014 K/sec                    ( +-  2.04% )
                20      cpu-migrations            #    0.002 K/sec                    ( +-  4.35% )
                76      page-faults               #    0.009 K/sec                    ( +-  0.46% )
   <not supported>      cycles                   
   <not supported>      stalled-cycles-frontend  
   <not supported>      stalled-cycles-backend   
   <not supported>      instructions             
   <not supported>      branches                 
   <not supported>      branch-misses            

       1.157804089 seconds time elapsed                                          ( +-  0.70% )


 Performance counter stats for './mandelbrot_omp -0.188 -0.012 0.554 0.754 4096' (10 runs):

      32452.364078      task-clock (msec)         #    7.058 CPUs utilized            ( +-  0.18% )
               379      context-switches          #    0.012 K/sec                    ( +-  1.95% )
                63      cpu-migrations            #    0.002 K/sec                    ( +-  2.78% )
                75      page-faults               #    0.002 K/sec                    ( +-  0.39% )
   <not supported>      cycles                   
   <not supported>      stalled-cycles-frontend  
   <not supported>      stalled-cycles-backend   
   <not supported>      instructions             
   <not supported>      branches                 
   <not supported>      branch-misses            

       4.598076705 seconds time elapsed                                          ( +-  0.25% )


 Performance counter stats for './mandelbrot_omp -0.188 -0.012 0.554 0.754 8192' (10 runs):

     137240.384328      task-clock (msec)         #    7.098 CPUs utilized            ( +-  1.71% )
             1,427      context-switches          #    0.010 K/sec                    ( +-  1.35% )
               237      cpu-migrations            #    0.002 K/sec                    ( +-  2.51% )
                75      page-faults               #    0.001 K/sec                    ( +-  0.43% )
   <not supported>      cycles                   
   <not supported>      stalled-cycles-frontend  
   <not supported>      stalled-cycles-backend   
   <not supported>      instructions             
   <not supported>      branches                 
   <not supported>      branch-misses            

      19.334335045 seconds time elapsed                                          ( +-  1.71% )

