
 Performance counter stats for './mandelbrot_omp -0.188 -0.012 0.554 0.754 16' (10 runs):

          1.526265      task-clock (msec)         #    1.294 CPUs utilized            ( +-  2.03% )
                45      context-switches          #    0.029 M/sec                    ( +-  4.57% )
                24      cpu-migrations            #    0.016 M/sec                    ( +-  5.82% )
                92      page-faults               #    0.060 M/sec                    ( +-  0.23% )
   <not supported>      cycles                   
   <not supported>      stalled-cycles-frontend  
   <not supported>      stalled-cycles-backend   
   <not supported>      instructions             
   <not supported>      branches                 
   <not supported>      branch-misses            

       0.001179047 seconds time elapsed                                          ( +-  2.71% )


 Performance counter stats for './mandelbrot_omp -0.188 -0.012 0.554 0.754 32' (10 runs):

          2.989747      task-clock (msec)         #    1.995 CPUs utilized            ( +-  1.13% )
                44      context-switches          #    0.015 M/sec                    ( +-  4.11% )
                26      cpu-migrations            #    0.009 M/sec                    ( +-  2.19% )
                92      page-faults               #    0.031 M/sec                    ( +-  0.24% )
   <not supported>      cycles                   
   <not supported>      stalled-cycles-frontend  
   <not supported>      stalled-cycles-backend   
   <not supported>      instructions             
   <not supported>      branches                 
   <not supported>      branch-misses            

       0.001498333 seconds time elapsed                                          ( +-  3.20% )


 Performance counter stats for './mandelbrot_omp -0.188 -0.012 0.554 0.754 64' (10 runs):

          8.834654      task-clock (msec)         #    3.478 CPUs utilized            ( +-  1.03% )
                43      context-switches          #    0.005 M/sec                    ( +-  4.79% )
                27      cpu-migrations            #    0.003 M/sec                    ( +-  5.75% )
                92      page-faults               #    0.010 M/sec                    ( +-  0.37% )
   <not supported>      cycles                   
   <not supported>      stalled-cycles-frontend  
   <not supported>      stalled-cycles-backend   
   <not supported>      instructions             
   <not supported>      branches                 
   <not supported>      branch-misses            

       0.002539934 seconds time elapsed                                          ( +-  1.67% )


 Performance counter stats for './mandelbrot_omp -0.188 -0.012 0.554 0.754 128' (10 runs):

         32.681347      task-clock (msec)         #    4.831 CPUs utilized            ( +-  0.87% )
                50      context-switches          #    0.002 M/sec                    ( +-  0.94% )
                31      cpu-migrations            #    0.945 K/sec                    ( +-  3.14% )
                92      page-faults               #    0.003 M/sec                    ( +-  0.18% )
   <not supported>      cycles                   
   <not supported>      stalled-cycles-frontend  
   <not supported>      stalled-cycles-backend   
   <not supported>      instructions             
   <not supported>      branches                 
   <not supported>      branch-misses            

       0.006764361 seconds time elapsed                                          ( +-  1.95% )


 Performance counter stats for './mandelbrot_omp -0.188 -0.012 0.554 0.754 256' (10 runs):

        127.660772      task-clock (msec)         #    6.262 CPUs utilized            ( +-  0.69% )
                56      context-switches          #    0.440 K/sec                    ( +-  1.56% )
                29      cpu-migrations            #    0.230 K/sec                    ( +-  3.53% )
                92      page-faults               #    0.721 K/sec                    ( +-  0.38% )
   <not supported>      cycles                   
   <not supported>      stalled-cycles-frontend  
   <not supported>      stalled-cycles-backend   
   <not supported>      instructions             
   <not supported>      branches                 
   <not supported>      branch-misses            

       0.020387149 seconds time elapsed                                          ( +-  1.66% )


 Performance counter stats for './mandelbrot_omp -0.188 -0.012 0.554 0.754 512' (10 runs):

        508.947958      task-clock (msec)         #    6.933 CPUs utilized            ( +-  0.31% )
                86      context-switches          #    0.169 K/sec                    ( +-  1.51% )
                32      cpu-migrations            #    0.063 K/sec                    ( +-  2.88% )
                92      page-faults               #    0.180 K/sec                    ( +-  0.34% )
   <not supported>      cycles                   
   <not supported>      stalled-cycles-frontend  
   <not supported>      stalled-cycles-backend   
   <not supported>      instructions             
   <not supported>      branches                 
   <not supported>      branch-misses            

       0.073413255 seconds time elapsed                                          ( +-  0.53% )


 Performance counter stats for './mandelbrot_omp -0.188 -0.012 0.554 0.754 1024' (10 runs):

       2396.793689      task-clock (msec)         #    7.272 CPUs utilized            ( +-  0.40% )
               188      context-switches          #    0.079 K/sec                    ( +-  1.62% )
                41      cpu-migrations            #    0.017 K/sec                    ( +-  2.06% )
                92      page-faults               #    0.038 K/sec                    ( +-  0.35% )
   <not supported>      cycles                   
   <not supported>      stalled-cycles-frontend  
   <not supported>      stalled-cycles-backend   
   <not supported>      instructions             
   <not supported>      branches                 
   <not supported>      branch-misses            

       0.329600420 seconds time elapsed                                          ( +-  0.49% )


 Performance counter stats for './mandelbrot_omp -0.188 -0.012 0.554 0.754 2048' (10 runs):

       8346.953016      task-clock (msec)         #    7.435 CPUs utilized            ( +-  0.16% )
               584      context-switches          #    0.070 K/sec                    ( +-  1.07% )
                55      cpu-migrations            #    0.007 K/sec                    ( +-  2.26% )
                92      page-faults               #    0.011 K/sec                    ( +-  0.28% )
   <not supported>      cycles                   
   <not supported>      stalled-cycles-frontend  
   <not supported>      stalled-cycles-backend   
   <not supported>      instructions             
   <not supported>      branches                 
   <not supported>      branch-misses            

       1.122588087 seconds time elapsed                                          ( +-  0.14% )


 Performance counter stats for './mandelbrot_omp -0.188 -0.012 0.554 0.754 4096' (10 runs):

      33624.772865      task-clock (msec)         #    7.520 CPUs utilized            ( +-  0.09% )
             2,244      context-switches          #    0.067 K/sec                    ( +-  0.42% )
               115      cpu-migrations            #    0.003 K/sec                    ( +-  3.49% )
                92      page-faults               #    0.003 K/sec                    ( +-  0.34% )
   <not supported>      cycles                   
   <not supported>      stalled-cycles-frontend  
   <not supported>      stalled-cycles-backend   
   <not supported>      instructions             
   <not supported>      branches                 
   <not supported>      branch-misses            

       4.471389704 seconds time elapsed                                          ( +-  0.06% )


 Performance counter stats for './mandelbrot_omp -0.188 -0.012 0.554 0.754 8192' (10 runs):

     141173.040511      task-clock (msec)         #    7.525 CPUs utilized            ( +-  1.58% )
             9,110      context-switches          #    0.065 K/sec                    ( +-  0.39% )
               359      cpu-migrations            #    0.003 K/sec                    ( +-  2.54% )
                91      page-faults               #    0.001 K/sec                    ( +-  0.37% )
   <not supported>      cycles                   
   <not supported>      stalled-cycles-frontend  
   <not supported>      stalled-cycles-backend   
   <not supported>      instructions             
   <not supported>      branches                 
   <not supported>      branch-misses            

      18.761448657 seconds time elapsed                                          ( +-  1.58% )

