
 Performance counter stats for './mandelbrot_omp -0.188 -0.012 0.554 0.754 16' (10 runs):

          0.767766      task-clock (msec)         #    0.756 CPUs utilized            ( +-  1.37% )
                 0      context-switches          #    0.000 K/sec                  
                 0      cpu-migrations            #    0.000 K/sec                  
                60      page-faults               #    0.078 M/sec                    ( +-  0.30% )
   <not supported>      cycles                   
   <not supported>      stalled-cycles-frontend  
   <not supported>      stalled-cycles-backend   
   <not supported>      instructions             
   <not supported>      branches                 
   <not supported>      branch-misses            

       0.001015319 seconds time elapsed                                          ( +-  1.55% )


 Performance counter stats for './mandelbrot_omp -0.188 -0.012 0.554 0.754 32' (10 runs):

          2.015025      task-clock (msec)         #    0.891 CPUs utilized            ( +-  0.93% )
                 0      context-switches          #    0.000 K/sec                  
                 0      cpu-migrations            #    0.000 K/sec                  
                60      page-faults               #    0.030 M/sec                    ( +-  0.50% )
   <not supported>      cycles                   
   <not supported>      stalled-cycles-frontend  
   <not supported>      stalled-cycles-backend   
   <not supported>      instructions             
   <not supported>      branches                 
   <not supported>      branch-misses            

       0.002261861 seconds time elapsed                                          ( +-  1.09% )


 Performance counter stats for './mandelbrot_omp -0.188 -0.012 0.554 0.754 64' (10 runs):

          6.912704      task-clock (msec)         #    0.961 CPUs utilized            ( +-  0.14% )
                 0      context-switches          #    0.000 K/sec                  
                 0      cpu-migrations            #    0.000 K/sec                  
                61      page-faults               #    0.009 M/sec                    ( +-  0.35% )
   <not supported>      cycles                   
   <not supported>      stalled-cycles-frontend  
   <not supported>      stalled-cycles-backend   
   <not supported>      instructions             
   <not supported>      branches                 
   <not supported>      branch-misses            

       0.007193777 seconds time elapsed                                          ( +-  0.21% )


 Performance counter stats for './mandelbrot_omp -0.188 -0.012 0.554 0.754 128' (10 runs):

         26.522135      task-clock (msec)         #    0.989 CPUs utilized            ( +-  0.29% )
                 0      context-switches          #    0.000 K/sec                  
                 0      cpu-migrations            #    0.000 K/sec                  
                60      page-faults               #    0.002 M/sec                    ( +-  0.43% )
   <not supported>      cycles                   
   <not supported>      stalled-cycles-frontend  
   <not supported>      stalled-cycles-backend   
   <not supported>      instructions             
   <not supported>      branches                 
   <not supported>      branch-misses            

       0.026827231 seconds time elapsed                                          ( +-  0.27% )


 Performance counter stats for './mandelbrot_omp -0.188 -0.012 0.554 0.754 256' (10 runs):

        104.139108      task-clock (msec)         #    0.997 CPUs utilized            ( +-  0.07% )
                 0      context-switches          #    0.001 K/sec                    ( +-100.00% )
                 0      cpu-migrations            #    0.000 K/sec                  
                60      page-faults               #    0.572 K/sec                    ( +-  0.45% )
   <not supported>      cycles                   
   <not supported>      stalled-cycles-frontend  
   <not supported>      stalled-cycles-backend   
   <not supported>      instructions             
   <not supported>      branches                 
   <not supported>      branch-misses            

       0.104491248 seconds time elapsed                                          ( +-  0.07% )


 Performance counter stats for './mandelbrot_omp -0.188 -0.012 0.554 0.754 512' (10 runs):

        414.385806      task-clock (msec)         #    0.999 CPUs utilized            ( +-  0.03% )
                 1      context-switches          #    0.002 K/sec                    ( +- 36.32% )
                 0      cpu-migrations            #    0.000 K/sec                  
                60      page-faults               #    0.145 K/sec                    ( +-  0.54% )
   <not supported>      cycles                   
   <not supported>      stalled-cycles-frontend  
   <not supported>      stalled-cycles-backend   
   <not supported>      instructions             
   <not supported>      branches                 
   <not supported>      branch-misses            

       0.414748902 seconds time elapsed                                          ( +-  0.03% )


 Performance counter stats for './mandelbrot_omp -0.188 -0.012 0.554 0.754 1024' (10 runs):

       1656.659505      task-clock (msec)         #    1.000 CPUs utilized            ( +-  0.03% )
                 3      context-switches          #    0.002 K/sec                    ( +-  9.94% )
                 0      cpu-migrations            #    0.000 K/sec                    ( +-100.00% )
                60      page-faults               #    0.036 K/sec                    ( +-  0.54% )
   <not supported>      cycles                   
   <not supported>      stalled-cycles-frontend  
   <not supported>      stalled-cycles-backend   
   <not supported>      instructions             
   <not supported>      branches                 
   <not supported>      branch-misses            

       1.657058365 seconds time elapsed                                          ( +-  0.03% )


 Performance counter stats for './mandelbrot_omp -0.188 -0.012 0.554 0.754 2048' (10 runs):

       6640.683344      task-clock (msec)         #    1.000 CPUs utilized            ( +-  0.04% )
                12      context-switches          #    0.002 K/sec                    ( +-  1.91% )
                 0      cpu-migrations            #    0.000 K/sec                  
                60      page-faults               #    0.009 K/sec                    ( +-  0.17% )
   <not supported>      cycles                   
   <not supported>      stalled-cycles-frontend  
   <not supported>      stalled-cycles-backend   
   <not supported>      instructions             
   <not supported>      branches                 
   <not supported>      branch-misses            

       6.641347762 seconds time elapsed                                          ( +-  0.04% )


 Performance counter stats for './mandelbrot_omp -0.188 -0.012 0.554 0.754 4096' (10 runs):

      26630.990946      task-clock (msec)         #    1.000 CPUs utilized            ( +-  0.13% )
                46      context-switches          #    0.002 K/sec                    ( +-  1.10% )
                 0      cpu-migrations            #    0.000 K/sec                  
                60      page-faults               #    0.002 K/sec                    ( +-  0.52% )
   <not supported>      cycles                   
   <not supported>      stalled-cycles-frontend  
   <not supported>      stalled-cycles-backend   
   <not supported>      instructions             
   <not supported>      branches                 
   <not supported>      branch-misses            

      26.632095171 seconds time elapsed                                          ( +-  0.13% )


 Performance counter stats for './mandelbrot_omp -0.188 -0.012 0.554 0.754 8192' (10 runs):

     106439.726264      task-clock (msec)         #    1.000 CPUs utilized            ( +-  0.12% )
               182      context-switches          #    0.002 K/sec                    ( +-  0.84% )
                 0      cpu-migrations            #    0.000 K/sec                  
                60      page-faults               #    0.001 K/sec                    ( +-  0.57% )
   <not supported>      cycles                   
   <not supported>      stalled-cycles-frontend  
   <not supported>      stalled-cycles-backend   
   <not supported>      instructions             
   <not supported>      branches                 
   <not supported>      branch-misses            

     106.442539048 seconds time elapsed                                          ( +-  0.12% )

