
 Performance counter stats for './mandelbrot_seq -0.8 -0.7 0.05 0.15 16' (10 runs):

          0.759171      task-clock (msec)         #    0.733 CPUs utilized            ( +-  1.98% )
                 0      context-switches          #    0.000 K/sec                  
                 0      cpu-migrations            #    0.000 K/sec                  
                51      page-faults               #    0.067 M/sec                    ( +-  0.72% )
   <not supported>      cycles                   
   <not supported>      stalled-cycles-frontend  
   <not supported>      stalled-cycles-backend   
   <not supported>      instructions             
   <not supported>      branches                 
   <not supported>      branch-misses            

       0.001035076 seconds time elapsed                                          ( +-  2.09% )


 Performance counter stats for './mandelbrot_seq -0.8 -0.7 0.05 0.15 32' (10 runs):

          1.855742      task-clock (msec)         #    0.878 CPUs utilized            ( +-  0.44% )
                 0      context-switches          #    0.000 K/sec                  
                 0      cpu-migrations            #    0.000 K/sec                  
                59      page-faults               #    0.032 M/sec                    ( +-  0.37% )
   <not supported>      cycles                   
   <not supported>      stalled-cycles-frontend  
   <not supported>      stalled-cycles-backend   
   <not supported>      instructions             
   <not supported>      branches                 
   <not supported>      branch-misses            

       0.002113669 seconds time elapsed                                          ( +-  0.50% )


 Performance counter stats for './mandelbrot_seq -0.8 -0.7 0.05 0.15 64' (10 runs):

          6.558179      task-clock (msec)         #    0.953 CPUs utilized            ( +-  0.34% )
                 0      context-switches          #    0.000 K/sec                  
                 0      cpu-migrations            #    0.000 K/sec                  
                89      page-faults               #    0.014 M/sec                    ( +-  0.23% )
   <not supported>      cycles                   
   <not supported>      stalled-cycles-frontend  
   <not supported>      stalled-cycles-backend   
   <not supported>      instructions             
   <not supported>      branches                 
   <not supported>      branch-misses            

       0.006883457 seconds time elapsed                                          ( +-  0.36% )


 Performance counter stats for './mandelbrot_seq -0.8 -0.7 0.05 0.15 128' (10 runs):

         24.808538      task-clock (msec)         #    0.986 CPUs utilized            ( +-  0.22% )
                 0      context-switches          #    0.000 K/sec                  
                 0      cpu-migrations            #    0.000 K/sec                  
               210      page-faults               #    0.008 M/sec                    ( +-  0.18% )
   <not supported>      cycles                   
   <not supported>      stalled-cycles-frontend  
   <not supported>      stalled-cycles-backend   
   <not supported>      instructions             
   <not supported>      branches                 
   <not supported>      branch-misses            

       0.025169751 seconds time elapsed                                          ( +-  0.24% )


 Performance counter stats for './mandelbrot_seq -0.8 -0.7 0.05 0.15 256' (10 runs):

         97.475421      task-clock (msec)         #    0.996 CPUs utilized            ( +-  0.34% )
                 0      context-switches          #    0.002 K/sec                    ( +- 66.67% )
                 0      cpu-migrations            #    0.000 K/sec                  
               690      page-faults               #    0.007 M/sec                    ( +-  0.02% )
   <not supported>      cycles                   
   <not supported>      stalled-cycles-frontend  
   <not supported>      stalled-cycles-backend   
   <not supported>      instructions             
   <not supported>      branches                 
   <not supported>      branch-misses            

       0.097830471 seconds time elapsed                                          ( +-  0.35% )


 Performance counter stats for './mandelbrot_seq -0.8 -0.7 0.05 0.15 512' (10 runs):

        387.796092      task-clock (msec)         #    0.999 CPUs utilized            ( +-  0.15% )
                 1      context-switches          #    0.002 K/sec                    ( +- 30.49% )
                 0      cpu-migrations            #    0.000 K/sec                  
             2,610      page-faults               #    0.007 M/sec                    ( +-  0.01% )
   <not supported>      cycles                   
   <not supported>      stalled-cycles-frontend  
   <not supported>      stalled-cycles-backend   
   <not supported>      instructions             
   <not supported>      branches                 
   <not supported>      branch-misses            

       0.388182081 seconds time elapsed                                          ( +-  0.15% )


 Performance counter stats for './mandelbrot_seq -0.8 -0.7 0.05 0.15 1024' (10 runs):

       1546.587659      task-clock (msec)         #    1.000 CPUs utilized            ( +-  0.09% )
                 3      context-switches          #    0.002 K/sec                    ( +- 12.41% )
                 0      cpu-migrations            #    0.000 K/sec                    ( +-100.00% )
            10,290      page-faults               #    0.007 M/sec                    ( +-  0.00% )
   <not supported>      cycles                   
   <not supported>      stalled-cycles-frontend  
   <not supported>      stalled-cycles-backend   
   <not supported>      instructions             
   <not supported>      branches                 
   <not supported>      branch-misses            

       1.547037110 seconds time elapsed                                          ( +-  0.09% )


 Performance counter stats for './mandelbrot_seq -0.8 -0.7 0.05 0.15 2048' (10 runs):

       6178.771446      task-clock (msec)         #    1.000 CPUs utilized            ( +-  0.06% )
                11      context-switches          #    0.002 K/sec                    ( +-  3.02% )
                 0      cpu-migrations            #    0.000 K/sec                  
            41,010      page-faults               #    0.007 M/sec                    ( +-  0.00% )
   <not supported>      cycles                   
   <not supported>      stalled-cycles-frontend  
   <not supported>      stalled-cycles-backend   
   <not supported>      instructions             
   <not supported>      branches                 
   <not supported>      branch-misses            

       6.179426188 seconds time elapsed                                          ( +-  0.06% )


 Performance counter stats for './mandelbrot_seq -0.8 -0.7 0.05 0.15 4096' (10 runs):

      24670.077026      task-clock (msec)         #    0.998 CPUs utilized            ( +-  0.04% )
                46      context-switches          #    0.002 K/sec                    ( +-  0.94% )
                 1      cpu-migrations            #    0.000 K/sec                    ( +- 21.82% )
           163,890      page-faults               #    0.007 M/sec                    ( +-  0.00% )
   <not supported>      cycles                   
   <not supported>      stalled-cycles-frontend  
   <not supported>      stalled-cycles-backend   
   <not supported>      instructions             
   <not supported>      branches                 
   <not supported>      branch-misses            

      24.707309553 seconds time elapsed                                          ( +-  0.04% )


 Performance counter stats for './mandelbrot_seq -0.8 -0.7 0.05 0.15 8192' (10 runs):

      98933.012565      task-clock (msec)         #    0.988 CPUs utilized            ( +-  0.30% )
               195      context-switches          #    0.002 K/sec                    ( +-  0.25% )
                 1      cpu-migrations            #    0.000 K/sec                    ( +- 21.82% )
           655,410      page-faults               #    0.007 M/sec                    ( +-  0.00% )
   <not supported>      cycles                   
   <not supported>      stalled-cycles-frontend  
   <not supported>      stalled-cycles-backend   
   <not supported>      instructions             
   <not supported>      branches                 
   <not supported>      branch-misses            

     100.097764925 seconds time elapsed                                          ( +-  0.30% )

