
 Performance counter stats for './mandelbrot_seq -0.188 -0.012 0.554 0.754 16' (10 runs):

          0.785239      task-clock (msec)         #    0.747 CPUs utilized            ( +-  1.35% )
                 0      context-switches          #    0.000 K/sec                  
                 0      cpu-migrations            #    0.000 K/sec                  
                51      page-faults               #    0.065 M/sec                    ( +-  0.26% )
   <not supported>      cycles                   
   <not supported>      stalled-cycles-frontend  
   <not supported>      stalled-cycles-backend   
   <not supported>      instructions             
   <not supported>      branches                 
   <not supported>      branch-misses            

       0.001051322 seconds time elapsed                                          ( +-  1.45% )


 Performance counter stats for './mandelbrot_seq -0.188 -0.012 0.554 0.754 32' (10 runs):

          2.051243      task-clock (msec)         #    0.890 CPUs utilized            ( +-  0.33% )
                 0      context-switches          #    0.000 K/sec                  
                 0      cpu-migrations            #    0.000 K/sec                  
                58      page-faults               #    0.028 M/sec                    ( +-  0.38% )
   <not supported>      cycles                   
   <not supported>      stalled-cycles-frontend  
   <not supported>      stalled-cycles-backend   
   <not supported>      instructions             
   <not supported>      branches                 
   <not supported>      branch-misses            

       0.002305359 seconds time elapsed                                          ( +-  0.48% )


 Performance counter stats for './mandelbrot_seq -0.188 -0.012 0.554 0.754 64' (10 runs):

          7.616569      task-clock (msec)         #    0.954 CPUs utilized            ( +-  0.90% )
                 0      context-switches          #    0.000 K/sec                  
                 0      cpu-migrations            #    0.000 K/sec                  
                89      page-faults               #    0.012 M/sec                    ( +-  0.33% )
   <not supported>      cycles                   
   <not supported>      stalled-cycles-frontend  
   <not supported>      stalled-cycles-backend   
   <not supported>      instructions             
   <not supported>      branches                 
   <not supported>      branch-misses            

       0.007979839 seconds time elapsed                                          ( +-  0.91% )


 Performance counter stats for './mandelbrot_seq -0.188 -0.012 0.554 0.754 128' (10 runs):

         27.955260      task-clock (msec)         #    0.987 CPUs utilized            ( +-  0.16% )
                 0      context-switches          #    0.000 K/sec                  
                 0      cpu-migrations            #    0.000 K/sec                  
               210      page-faults               #    0.008 M/sec                    ( +-  0.10% )
   <not supported>      cycles                   
   <not supported>      stalled-cycles-frontend  
   <not supported>      stalled-cycles-backend   
   <not supported>      instructions             
   <not supported>      branches                 
   <not supported>      branch-misses            

       0.028323180 seconds time elapsed                                          ( +-  0.15% )


 Performance counter stats for './mandelbrot_seq -0.188 -0.012 0.554 0.754 256' (10 runs):

        109.737707      task-clock (msec)         #    0.997 CPUs utilized            ( +-  0.07% )
                 0      context-switches          #    0.001 K/sec                    ( +-100.00% )
                 0      cpu-migrations            #    0.000 K/sec                  
               689      page-faults               #    0.006 M/sec                    ( +-  0.05% )
   <not supported>      cycles                   
   <not supported>      stalled-cycles-frontend  
   <not supported>      stalled-cycles-backend   
   <not supported>      instructions             
   <not supported>      branches                 
   <not supported>      branch-misses            

       0.110116313 seconds time elapsed                                          ( +-  0.07% )


 Performance counter stats for './mandelbrot_seq -0.188 -0.012 0.554 0.754 512' (10 runs):

        445.906380      task-clock (msec)         #    0.999 CPUs utilized            ( +-  0.90% )
                 1      context-switches          #    0.002 K/sec                    ( +- 51.64% )
                 0      cpu-migrations            #    0.000 K/sec                  
             2,610      page-faults               #    0.006 M/sec                    ( +-  0.01% )
   <not supported>      cycles                   
   <not supported>      stalled-cycles-frontend  
   <not supported>      stalled-cycles-backend   
   <not supported>      instructions             
   <not supported>      branches                 
   <not supported>      branch-misses            

       0.446462392 seconds time elapsed                                          ( +-  0.89% )


 Performance counter stats for './mandelbrot_seq -0.188 -0.012 0.554 0.754 1024' (10 runs):

       1745.740246      task-clock (msec)         #    1.000 CPUs utilized            ( +-  0.09% )
                 4      context-switches          #    0.002 K/sec                    ( +- 12.95% )
                 0      cpu-migrations            #    0.000 K/sec                    ( +-100.00% )
            10,290      page-faults               #    0.006 M/sec                    ( +-  0.00% )
   <not supported>      cycles                   
   <not supported>      stalled-cycles-frontend  
   <not supported>      stalled-cycles-backend   
   <not supported>      instructions             
   <not supported>      branches                 
   <not supported>      branch-misses            

       1.746382744 seconds time elapsed                                          ( +-  0.11% )


 Performance counter stats for './mandelbrot_seq -0.188 -0.012 0.554 0.754 2048' (10 runs):

       7043.554496      task-clock (msec)         #    1.000 CPUs utilized            ( +-  0.52% )
                19      context-switches          #    0.003 K/sec                    ( +-  1.30% )
                 0      cpu-migrations            #    0.000 K/sec                    ( +-100.00% )
            41,010      page-faults               #    0.006 M/sec                    ( +-  0.00% )
   <not supported>      cycles                   
   <not supported>      stalled-cycles-frontend  
   <not supported>      stalled-cycles-backend   
   <not supported>      instructions             
   <not supported>      branches                 
   <not supported>      branch-misses            

       7.044334759 seconds time elapsed                                          ( +-  0.52% )


 Performance counter stats for './mandelbrot_seq -0.188 -0.012 0.554 0.754 4096' (10 runs):

      27862.999487      task-clock (msec)         #    0.999 CPUs utilized            ( +-  0.02% )
                52      context-switches          #    0.002 K/sec                    ( +-  0.76% )
                 0      cpu-migrations            #    0.000 K/sec                    ( +- 66.67% )
           163,890      page-faults               #    0.006 M/sec                    ( +-  0.00% )
   <not supported>      cycles                   
   <not supported>      stalled-cycles-frontend  
   <not supported>      stalled-cycles-backend   
   <not supported>      instructions             
   <not supported>      branches                 
   <not supported>      branch-misses            

      27.900996073 seconds time elapsed                                          ( +-  0.02% )


 Performance counter stats for './mandelbrot_seq -0.188 -0.012 0.554 0.754 8192' (10 runs):

     111468.864051      task-clock (msec)         #    0.990 CPUs utilized            ( +-  0.19% )
               216      context-switches          #    0.002 K/sec                    ( +-  0.29% )
                 0      cpu-migrations            #    0.000 K/sec                    ( +- 50.92% )
           655,410      page-faults               #    0.006 M/sec                    ( +-  0.00% )
   <not supported>      cycles                   
   <not supported>      stalled-cycles-frontend  
   <not supported>      stalled-cycles-backend   
   <not supported>      instructions             
   <not supported>      branches                 
   <not supported>      branch-misses            

     112.641617015 seconds time elapsed                                          ( +-  0.18% )

